mode: set
github.com/Blue-Davinci/leadhub-service/internal/data/filters.go:27.57,35.2 5 0
github.com/Blue-Davinci/leadhub-service/internal/data/filters.go:40.38,41.43 1 0
github.com/Blue-Davinci/leadhub-service/internal/data/filters.go:41.43,42.26 1 0
github.com/Blue-Davinci/leadhub-service/internal/data/filters.go:42.26,44.4 1 0
github.com/Blue-Davinci/leadhub-service/internal/data/filters.go:46.2,46.43 1 0
github.com/Blue-Davinci/leadhub-service/internal/data/filters.go:51.41,52.36 1 0
github.com/Blue-Davinci/leadhub-service/internal/data/filters.go:52.36,54.3 1 0
github.com/Blue-Davinci/leadhub-service/internal/data/filters.go:55.2,55.14 1 0
github.com/Blue-Davinci/leadhub-service/internal/data/filters.go:58.30,60.2 1 0
github.com/Blue-Davinci/leadhub-service/internal/data/filters.go:61.31,63.2 1 0
github.com/Blue-Davinci/leadhub-service/internal/data/filters.go:70.67,72.23 1 0
github.com/Blue-Davinci/leadhub-service/internal/data/filters.go:72.23,75.3 1 0
github.com/Blue-Davinci/leadhub-service/internal/data/filters.go:76.2,82.3 1 0
github.com/Blue-Davinci/leadhub-service/internal/data/internal_helpers.go:12.105,14.2 1 0
github.com/Blue-Davinci/leadhub-service/internal/data/internal_helpers.go:16.77,18.2 1 0
github.com/Blue-Davinci/leadhub-service/internal/data/models.go:22.45,30.2 1 0
github.com/Blue-Davinci/leadhub-service/internal/data/permissions.go:34.87,38.2 2 0
github.com/Blue-Davinci/leadhub-service/internal/data/permissions.go:39.95,43.2 2 0
github.com/Blue-Davinci/leadhub-service/internal/data/permissions.go:45.72,49.2 2 0
github.com/Blue-Davinci/leadhub-service/internal/data/permissions.go:52.54,57.2 2 0
github.com/Blue-Davinci/leadhub-service/internal/data/permissions.go:65.48,66.19 1 0
github.com/Blue-Davinci/leadhub-service/internal/data/permissions.go:66.19,67.19 1 0
github.com/Blue-Davinci/leadhub-service/internal/data/permissions.go:67.19,69.4 1 0
github.com/Blue-Davinci/leadhub-service/internal/data/permissions.go:71.2,71.14 1 0
github.com/Blue-Davinci/leadhub-service/internal/data/permissions.go:75.73,80.16 4 0
github.com/Blue-Davinci/leadhub-service/internal/data/permissions.go:80.16,82.3 1 0
github.com/Blue-Davinci/leadhub-service/internal/data/permissions.go:83.2,84.41 2 0
github.com/Blue-Davinci/leadhub-service/internal/data/permissions.go:84.41,89.3 1 0
github.com/Blue-Davinci/leadhub-service/internal/data/permissions.go:91.2,91.28 1 0
github.com/Blue-Davinci/leadhub-service/internal/data/permissions.go:96.86,104.16 5 0
github.com/Blue-Davinci/leadhub-service/internal/data/permissions.go:104.16,106.3 1 0
github.com/Blue-Davinci/leadhub-service/internal/data/permissions.go:107.2,107.43 1 0
github.com/Blue-Davinci/leadhub-service/internal/data/permissions.go:107.43,109.3 1 0
github.com/Blue-Davinci/leadhub-service/internal/data/permissions.go:111.2,111.25 1 0
github.com/Blue-Davinci/leadhub-service/internal/data/permissions.go:116.104,125.16 4 0
github.com/Blue-Davinci/leadhub-service/internal/data/permissions.go:125.16,126.10 1 0
github.com/Blue-Davinci/leadhub-service/internal/data/permissions.go:127.101,128.38 1 0
github.com/Blue-Davinci/leadhub-service/internal/data/permissions.go:129.11,130.19 1 0
github.com/Blue-Davinci/leadhub-service/internal/data/permissions.go:134.2,140.28 2 0
github.com/Blue-Davinci/leadhub-service/internal/data/permissions.go:145.103,155.16 4 0
github.com/Blue-Davinci/leadhub-service/internal/data/permissions.go:155.16,156.10 1 0
github.com/Blue-Davinci/leadhub-service/internal/data/permissions.go:157.38,158.35 1 0
github.com/Blue-Davinci/leadhub-service/internal/data/permissions.go:159.11,160.17 1 0
github.com/Blue-Davinci/leadhub-service/internal/data/permissions.go:164.2,164.26 1 0
github.com/Blue-Davinci/leadhub-service/internal/data/tenants.go:36.61,45.2 3 1
github.com/Blue-Davinci/leadhub-service/internal/data/tenants.go:48.64,53.16 4 0
github.com/Blue-Davinci/leadhub-service/internal/data/tenants.go:53.16,54.10 1 0
github.com/Blue-Davinci/leadhub-service/internal/data/tenants.go:55.38,56.40 1 0
github.com/Blue-Davinci/leadhub-service/internal/data/tenants.go:57.11,58.19 1 0
github.com/Blue-Davinci/leadhub-service/internal/data/tenants.go:62.2,62.37 1 0
github.com/Blue-Davinci/leadhub-service/internal/data/tenants.go:66.107,75.16 4 0
github.com/Blue-Davinci/leadhub-service/internal/data/tenants.go:75.16,76.10 1 0
github.com/Blue-Davinci/leadhub-service/internal/data/tenants.go:77.38,78.52 1 0
github.com/Blue-Davinci/leadhub-service/internal/data/tenants.go:79.11,80.31 1 0
github.com/Blue-Davinci/leadhub-service/internal/data/tenants.go:84.2,84.23 1 0
github.com/Blue-Davinci/leadhub-service/internal/data/tenants.go:84.23,86.3 1 0
github.com/Blue-Davinci/leadhub-service/internal/data/tenants.go:88.2,90.36 3 0
github.com/Blue-Davinci/leadhub-service/internal/data/tenants.go:90.36,93.3 2 0
github.com/Blue-Davinci/leadhub-service/internal/data/tenants.go:95.2,97.34 2 0
github.com/Blue-Davinci/leadhub-service/internal/data/tenants.go:101.58,111.16 4 0
github.com/Blue-Davinci/leadhub-service/internal/data/tenants.go:111.16,112.10 1 0
github.com/Blue-Davinci/leadhub-service/internal/data/tenants.go:113.58,114.33 1 0
github.com/Blue-Davinci/leadhub-service/internal/data/tenants.go:115.11,116.14 1 0
github.com/Blue-Davinci/leadhub-service/internal/data/tenants.go:120.2,124.12 4 0
github.com/Blue-Davinci/leadhub-service/internal/data/tenants.go:128.75,140.16 4 0
github.com/Blue-Davinci/leadhub-service/internal/data/tenants.go:140.16,141.10 1 0
github.com/Blue-Davinci/leadhub-service/internal/data/tenants.go:142.38,143.33 1 0
github.com/Blue-Davinci/leadhub-service/internal/data/tenants.go:144.58,145.33 1 0
github.com/Blue-Davinci/leadhub-service/internal/data/tenants.go:146.11,147.14 1 0
github.com/Blue-Davinci/leadhub-service/internal/data/tenants.go:151.2,154.12 3 0
github.com/Blue-Davinci/leadhub-service/internal/data/tenants.go:157.45,158.39 1 0
github.com/Blue-Davinci/leadhub-service/internal/data/tenants.go:159.23,168.4 1 0
github.com/Blue-Davinci/leadhub-service/internal/data/tenants.go:169.38,178.4 1 0
github.com/Blue-Davinci/leadhub-service/internal/data/tenants.go:179.10,181.13 1 0
github.com/Blue-Davinci/leadhub-service/internal/data/tokens.go:44.76,47.2 2 0
github.com/Blue-Davinci/leadhub-service/internal/data/tokens.go:52.83,62.16 4 0
github.com/Blue-Davinci/leadhub-service/internal/data/tokens.go:62.16,64.3 1 0
github.com/Blue-Davinci/leadhub-service/internal/data/tokens.go:67.2,72.19 4 0
github.com/Blue-Davinci/leadhub-service/internal/data/tokens.go:75.88,77.16 2 0
github.com/Blue-Davinci/leadhub-service/internal/data/tokens.go:77.16,79.3 1 0
github.com/Blue-Davinci/leadhub-service/internal/data/tokens.go:82.2,83.21 2 0
github.com/Blue-Davinci/leadhub-service/internal/data/tokens.go:86.50,97.2 4 0
github.com/Blue-Davinci/leadhub-service/internal/data/tokens.go:100.72,109.2 4 0
github.com/Blue-Davinci/leadhub-service/internal/data/trade_leads.go:47.65,52.2 3 1
github.com/Blue-Davinci/leadhub-service/internal/data/trade_leads.go:56.86,66.16 4 0
github.com/Blue-Davinci/leadhub-service/internal/data/trade_leads.go:66.16,67.10 1 0
github.com/Blue-Davinci/leadhub-service/internal/data/trade_leads.go:68.68,69.36 1 0
github.com/Blue-Davinci/leadhub-service/internal/data/trade_leads.go:70.66,71.36 1 0
github.com/Blue-Davinci/leadhub-service/internal/data/trade_leads.go:72.11,73.14 1 0
github.com/Blue-Davinci/leadhub-service/internal/data/trade_leads.go:78.2,84.12 6 0
github.com/Blue-Davinci/leadhub-service/internal/data/trade_leads.go:88.72,93.16 4 0
github.com/Blue-Davinci/leadhub-service/internal/data/trade_leads.go:93.16,94.10 1 0
github.com/Blue-Davinci/leadhub-service/internal/data/trade_leads.go:95.38,96.40 1 0
github.com/Blue-Davinci/leadhub-service/internal/data/trade_leads.go:97.11,98.19 1 0
github.com/Blue-Davinci/leadhub-service/internal/data/trade_leads.go:102.2,104.23 2 0
github.com/Blue-Davinci/leadhub-service/internal/data/trade_leads.go:109.125,119.16 4 0
github.com/Blue-Davinci/leadhub-service/internal/data/trade_leads.go:119.16,120.10 1 0
github.com/Blue-Davinci/leadhub-service/internal/data/trade_leads.go:121.38,122.52 1 0
github.com/Blue-Davinci/leadhub-service/internal/data/trade_leads.go:123.11,124.31 1 0
github.com/Blue-Davinci/leadhub-service/internal/data/trade_leads.go:128.2,128.21 1 0
github.com/Blue-Davinci/leadhub-service/internal/data/trade_leads.go:128.21,130.3 1 0
github.com/Blue-Davinci/leadhub-service/internal/data/trade_leads.go:132.2,134.32 3 0
github.com/Blue-Davinci/leadhub-service/internal/data/trade_leads.go:134.32,137.3 2 0
github.com/Blue-Davinci/leadhub-service/internal/data/trade_leads.go:139.2,141.32 2 0
github.com/Blue-Davinci/leadhub-service/internal/data/trade_leads.go:145.109,154.16 4 0
github.com/Blue-Davinci/leadhub-service/internal/data/trade_leads.go:154.16,155.10 1 0
github.com/Blue-Davinci/leadhub-service/internal/data/trade_leads.go:156.38,157.52 1 0
github.com/Blue-Davinci/leadhub-service/internal/data/trade_leads.go:158.11,159.31 1 0
github.com/Blue-Davinci/leadhub-service/internal/data/trade_leads.go:163.2,163.21 1 0
github.com/Blue-Davinci/leadhub-service/internal/data/trade_leads.go:163.21,165.3 1 0
github.com/Blue-Davinci/leadhub-service/internal/data/trade_leads.go:167.2,169.32 3 0
github.com/Blue-Davinci/leadhub-service/internal/data/trade_leads.go:169.32,172.3 2 0
github.com/Blue-Davinci/leadhub-service/internal/data/trade_leads.go:174.2,176.32 2 0
github.com/Blue-Davinci/leadhub-service/internal/data/trade_leads.go:180.104,188.16 4 0
github.com/Blue-Davinci/leadhub-service/internal/data/trade_leads.go:188.16,189.10 1 0
github.com/Blue-Davinci/leadhub-service/internal/data/trade_leads.go:190.66,191.36 1 0
github.com/Blue-Davinci/leadhub-service/internal/data/trade_leads.go:192.11,193.14 1 0
github.com/Blue-Davinci/leadhub-service/internal/data/trade_leads.go:197.2,200.12 4 0
github.com/Blue-Davinci/leadhub-service/internal/data/trade_leads.go:204.71,209.16 4 0
github.com/Blue-Davinci/leadhub-service/internal/data/trade_leads.go:209.16,210.10 1 0
github.com/Blue-Davinci/leadhub-service/internal/data/trade_leads.go:211.38,212.40 1 0
github.com/Blue-Davinci/leadhub-service/internal/data/trade_leads.go:213.11,214.19 1 0
github.com/Blue-Davinci/leadhub-service/internal/data/trade_leads.go:218.2,223.24 2 0
github.com/Blue-Davinci/leadhub-service/internal/data/trade_leads.go:226.54,227.40 1 0
github.com/Blue-Davinci/leadhub-service/internal/data/trade_leads.go:228.26,239.4 1 0
github.com/Blue-Davinci/leadhub-service/internal/data/trade_leads.go:240.41,251.4 1 0
github.com/Blue-Davinci/leadhub-service/internal/data/trade_leads.go:252.41,263.4 1 0
github.com/Blue-Davinci/leadhub-service/internal/data/trade_leads.go:264.10,265.13 1 0
github.com/Blue-Davinci/leadhub-service/internal/data/users.go:32.35,34.2 1 0
github.com/Blue-Davinci/leadhub-service/internal/data/users.go:45.56,47.16 2 0
github.com/Blue-Davinci/leadhub-service/internal/data/users.go:47.16,49.3 1 0
github.com/Blue-Davinci/leadhub-service/internal/data/users.go:50.2,52.12 3 0
github.com/Blue-Davinci/leadhub-service/internal/data/users.go:58.68,60.16 2 0
github.com/Blue-Davinci/leadhub-service/internal/data/users.go:60.16,62.10 1 0
github.com/Blue-Davinci/leadhub-service/internal/data/users.go:63.60,64.21 1 0
github.com/Blue-Davinci/leadhub-service/internal/data/users.go:65.11,66.21 1 0
github.com/Blue-Davinci/leadhub-service/internal/data/users.go:69.2,69.18 1 0
github.com/Blue-Davinci/leadhub-service/internal/data/users.go:92.58,95.2 2 1
github.com/Blue-Davinci/leadhub-service/internal/data/users.go:96.56,99.2 2 0
github.com/Blue-Davinci/leadhub-service/internal/data/users.go:100.73,104.2 3 0
github.com/Blue-Davinci/leadhub-service/internal/data/users.go:105.55,112.36 3 0
github.com/Blue-Davinci/leadhub-service/internal/data/users.go:112.36,114.3 1 0
github.com/Blue-Davinci/leadhub-service/internal/data/users.go:118.2,118.31 1 0
github.com/Blue-Davinci/leadhub-service/internal/data/users.go:118.31,119.42 1 0
github.com/Blue-Davinci/leadhub-service/internal/data/users.go:126.45,138.16 4 0
github.com/Blue-Davinci/leadhub-service/internal/data/users.go:138.16,139.10 1 0
github.com/Blue-Davinci/leadhub-service/internal/data/users.go:140.57,141.28 1 0
github.com/Blue-Davinci/leadhub-service/internal/data/users.go:142.11,143.14 1 0
github.com/Blue-Davinci/leadhub-service/internal/data/users.go:147.2,151.12 4 0
github.com/Blue-Davinci/leadhub-service/internal/data/users.go:158.82,170.16 5 0
github.com/Blue-Davinci/leadhub-service/internal/data/users.go:170.16,171.10 1 0
github.com/Blue-Davinci/leadhub-service/internal/data/users.go:172.38,173.40 1 0
github.com/Blue-Davinci/leadhub-service/internal/data/users.go:174.11,175.19 1 0
github.com/Blue-Davinci/leadhub-service/internal/data/users.go:179.2,181.23 2 0
github.com/Blue-Davinci/leadhub-service/internal/data/users.go:189.60,195.16 4 0
github.com/Blue-Davinci/leadhub-service/internal/data/users.go:195.16,196.10 1 0
github.com/Blue-Davinci/leadhub-service/internal/data/users.go:197.38,198.40 1 0
github.com/Blue-Davinci/leadhub-service/internal/data/users.go:199.11,200.19 1 0
github.com/Blue-Davinci/leadhub-service/internal/data/users.go:204.2,206.27 2 0
github.com/Blue-Davinci/leadhub-service/internal/data/users.go:210.49,223.16 4 0
github.com/Blue-Davinci/leadhub-service/internal/data/users.go:223.16,224.10 1 0
github.com/Blue-Davinci/leadhub-service/internal/data/users.go:225.57,226.28 1 0
github.com/Blue-Davinci/leadhub-service/internal/data/users.go:227.11,228.14 1 0
github.com/Blue-Davinci/leadhub-service/internal/data/users.go:231.2,232.12 2 0
github.com/Blue-Davinci/leadhub-service/internal/data/users.go:239.38,240.32 1 0
github.com/Blue-Davinci/leadhub-service/internal/data/users.go:241.21,256.4 2 0
github.com/Blue-Davinci/leadhub-service/internal/data/users.go:257.10,259.13 1 0
github.com/Blue-Davinci/leadhub-service/cmd/api/context.go:21.88,25.2 2 1
github.com/Blue-Davinci/leadhub-service/cmd/api/context.go:31.68,33.9 2 0
github.com/Blue-Davinci/leadhub-service/cmd/api/context.go:33.9,34.49 1 0
github.com/Blue-Davinci/leadhub-service/cmd/api/context.go:36.2,36.13 1 0
github.com/Blue-Davinci/leadhub-service/cmd/api/errors.go:9.62,14.2 1 1
github.com/Blue-Davinci/leadhub-service/cmd/api/errors.go:18.104,24.16 3 1
github.com/Blue-Davinci/leadhub-service/cmd/api/errors.go:24.16,27.3 2 0
github.com/Blue-Davinci/leadhub-service/cmd/api/errors.go:34.96,38.2 3 1
github.com/Blue-Davinci/leadhub-service/cmd/api/errors.go:41.100,45.2 3 0
github.com/Blue-Davinci/leadhub-service/cmd/api/errors.go:49.96,52.2 2 0
github.com/Blue-Davinci/leadhub-service/cmd/api/errors.go:56.89,59.2 2 0
github.com/Blue-Davinci/leadhub-service/cmd/api/errors.go:63.95,65.2 1 0
github.com/Blue-Davinci/leadhub-service/cmd/api/errors.go:69.116,71.2 1 0
github.com/Blue-Davinci/leadhub-service/cmd/api/errors.go:74.91,77.2 2 1
github.com/Blue-Davinci/leadhub-service/cmd/api/errors.go:81.86,84.2 2 0
github.com/Blue-Davinci/leadhub-service/cmd/api/errors.go:87.92,90.2 2 0
github.com/Blue-Davinci/leadhub-service/cmd/api/errors.go:92.88,95.2 2 0
github.com/Blue-Davinci/leadhub-service/cmd/api/errors.go:99.82,102.2 2 0
github.com/Blue-Davinci/leadhub-service/cmd/api/errors.go:106.86,109.2 2 0
github.com/Blue-Davinci/leadhub-service/cmd/api/healthcheck.go:8.84,18.16 3 1
github.com/Blue-Davinci/leadhub-service/cmd/api/healthcheck.go:18.16,20.3 1 0
github.com/Blue-Davinci/leadhub-service/cmd/api/helpers.go:29.112,32.16 2 1
github.com/Blue-Davinci/leadhub-service/cmd/api/helpers.go:32.16,34.3 1 0
github.com/Blue-Davinci/leadhub-service/cmd/api/helpers.go:36.2,39.34 2 1
github.com/Blue-Davinci/leadhub-service/cmd/api/helpers.go:39.34,41.3 1 0
github.com/Blue-Davinci/leadhub-service/cmd/api/helpers.go:43.2,46.12 4 1
github.com/Blue-Davinci/leadhub-service/cmd/api/helpers.go:49.89,62.16 7 0
github.com/Blue-Davinci/leadhub-service/cmd/api/helpers.go:62.16,64.3 1 0
github.com/Blue-Davinci/leadhub-service/cmd/api/helpers.go:69.2,70.19 2 0
github.com/Blue-Davinci/leadhub-service/cmd/api/helpers.go:70.19,72.3 1 0
github.com/Blue-Davinci/leadhub-service/cmd/api/helpers.go:73.2,73.12 1 0
github.com/Blue-Davinci/leadhub-service/cmd/api/helpers.go:78.91,82.26 3 0
github.com/Blue-Davinci/leadhub-service/cmd/api/helpers.go:82.26,84.3 1 0
github.com/Blue-Davinci/leadhub-service/cmd/api/helpers.go:85.2,85.16 1 0
github.com/Blue-Davinci/leadhub-service/cmd/api/helpers.go:91.65,92.16 1 0
github.com/Blue-Davinci/leadhub-service/cmd/api/helpers.go:92.16,99.10 5 0
github.com/Blue-Davinci/leadhub-service/cmd/api/helpers.go:100.37,101.94 1 0
github.com/Blue-Davinci/leadhub-service/cmd/api/helpers.go:102.44,103.56 1 0
github.com/Blue-Davinci/leadhub-service/cmd/api/helpers.go:104.44,105.38 1 0
github.com/Blue-Davinci/leadhub-service/cmd/api/helpers.go:105.38,107.5 1 0
github.com/Blue-Davinci/leadhub-service/cmd/api/helpers.go:108.4,108.103 1 0
github.com/Blue-Davinci/leadhub-service/cmd/api/helpers.go:109.31,110.47 1 0
github.com/Blue-Davinci/leadhub-service/cmd/api/helpers.go:117.63,119.64 2 0
github.com/Blue-Davinci/leadhub-service/cmd/api/helpers.go:123.39,124.83 1 0
github.com/Blue-Davinci/leadhub-service/cmd/api/helpers.go:125.47,126.14 1 0
github.com/Blue-Davinci/leadhub-service/cmd/api/helpers.go:127.11,128.14 1 0
github.com/Blue-Davinci/leadhub-service/cmd/api/helpers.go:131.2,131.12 1 0
github.com/Blue-Davinci/leadhub-service/cmd/api/helpers.go:137.47,140.12 2 0
github.com/Blue-Davinci/leadhub-service/cmd/api/helpers.go:140.12,144.16 2 0
github.com/Blue-Davinci/leadhub-service/cmd/api/helpers.go:144.16,145.36 1 0
github.com/Blue-Davinci/leadhub-service/cmd/api/helpers.go:145.36,147.5 1 0
github.com/Blue-Davinci/leadhub-service/cmd/api/helpers.go:150.3,150.7 1 0
github.com/Blue-Davinci/leadhub-service/cmd/api/helpers.go:156.83,161.31 2 1
github.com/Blue-Davinci/leadhub-service/cmd/api/helpers.go:161.31,163.3 1 1
github.com/Blue-Davinci/leadhub-service/cmd/api/helpers.go:168.2,169.57 2 0
github.com/Blue-Davinci/leadhub-service/cmd/api/helpers.go:169.57,171.3 1 0
github.com/Blue-Davinci/leadhub-service/cmd/api/helpers.go:173.2,180.55 3 0
github.com/Blue-Davinci/leadhub-service/cmd/api/helpers.go:180.55,182.3 1 0
github.com/Blue-Davinci/leadhub-service/cmd/api/helpers.go:187.2,188.16 2 0
github.com/Blue-Davinci/leadhub-service/cmd/api/helpers.go:188.16,189.10 1 0
github.com/Blue-Davinci/leadhub-service/cmd/api/helpers.go:190.54,191.40 1 0
github.com/Blue-Davinci/leadhub-service/cmd/api/helpers.go:192.11,193.40 1 0
github.com/Blue-Davinci/leadhub-service/cmd/api/helpers.go:196.2,196.18 1 0
github.com/Blue-Davinci/leadhub-service/cmd/api/helpers.go:200.38,202.16 2 0
github.com/Blue-Davinci/leadhub-service/cmd/api/helpers.go:202.16,204.3 1 0
github.com/Blue-Davinci/leadhub-service/cmd/api/helpers.go:207.2,207.52 1 0
github.com/Blue-Davinci/leadhub-service/cmd/api/helpers.go:207.52,209.3 1 0
github.com/Blue-Davinci/leadhub-service/cmd/api/helpers.go:211.2,211.12 1 0
github.com/Blue-Davinci/leadhub-service/cmd/api/helpers.go:216.91,221.13 2 0
github.com/Blue-Davinci/leadhub-service/cmd/api/helpers.go:221.13,223.3 1 0
github.com/Blue-Davinci/leadhub-service/cmd/api/helpers.go:225.2,225.10 1 0
github.com/Blue-Davinci/leadhub-service/cmd/api/helpers.go:232.106,236.13 2 0
github.com/Blue-Davinci/leadhub-service/cmd/api/helpers.go:236.13,238.3 1 0
github.com/Blue-Davinci/leadhub-service/cmd/api/helpers.go:241.2,242.16 2 0
github.com/Blue-Davinci/leadhub-service/cmd/api/helpers.go:242.16,245.3 2 0
github.com/Blue-Davinci/leadhub-service/cmd/api/helpers.go:247.2,247.10 1 0
github.com/Blue-Davinci/leadhub-service/cmd/api/main.go:71.13,73.16 2 0
github.com/Blue-Davinci/leadhub-service/cmd/api/main.go:73.16,76.3 2 0
github.com/Blue-Davinci/leadhub-service/cmd/api/main.go:79.2,105.101 20 0
github.com/Blue-Davinci/leadhub-service/cmd/api/main.go:105.101,109.3 2 0
github.com/Blue-Davinci/leadhub-service/cmd/api/main.go:111.2,114.22 2 0
github.com/Blue-Davinci/leadhub-service/cmd/api/main.go:114.22,129.3 8 0
github.com/Blue-Davinci/leadhub-service/cmd/api/main.go:132.2,135.16 3 0
github.com/Blue-Davinci/leadhub-service/cmd/api/main.go:135.16,137.3 1 0
github.com/Blue-Davinci/leadhub-service/cmd/api/main.go:139.2,154.16 5 0
github.com/Blue-Davinci/leadhub-service/cmd/api/main.go:154.16,156.3 1 0
github.com/Blue-Davinci/leadhub-service/cmd/api/main.go:161.52,163.16 2 0
github.com/Blue-Davinci/leadhub-service/cmd/api/main.go:163.16,165.3 1 0
github.com/Blue-Davinci/leadhub-service/cmd/api/main.go:166.2,169.16 4 0
github.com/Blue-Davinci/leadhub-service/cmd/api/main.go:169.16,171.3 1 0
github.com/Blue-Davinci/leadhub-service/cmd/api/main.go:172.2,175.16 3 0
github.com/Blue-Davinci/leadhub-service/cmd/api/main.go:175.16,177.3 1 0
github.com/Blue-Davinci/leadhub-service/cmd/api/main.go:178.2,179.21 2 0
github.com/Blue-Davinci/leadhub-service/cmd/api/main.go:184.23,187.54 2 0
github.com/Blue-Davinci/leadhub-service/cmd/api/main.go:187.54,189.3 1 0
github.com/Blue-Davinci/leadhub-service/cmd/api/main.go:191.2,191.53 1 0
github.com/Blue-Davinci/leadhub-service/cmd/api/main.go:191.53,193.3 1 0
github.com/Blue-Davinci/leadhub-service/cmd/api/main.go:197.30,205.22 5 0
github.com/Blue-Davinci/leadhub-service/cmd/api/main.go:205.22,208.50 2 0
github.com/Blue-Davinci/leadhub-service/cmd/api/main.go:208.50,210.4 1 0
github.com/Blue-Davinci/leadhub-service/cmd/api/main.go:215.53,216.42 1 0
github.com/Blue-Davinci/leadhub-service/cmd/api/main.go:216.42,218.3 1 0
github.com/Blue-Davinci/leadhub-service/cmd/api/main.go:219.2,219.21 1 0
github.com/Blue-Davinci/leadhub-service/cmd/api/middleware.go:18.70,19.71 1 1
github.com/Blue-Davinci/leadhub-service/cmd/api/middleware.go:19.71,22.16 1 1
github.com/Blue-Davinci/leadhub-service/cmd/api/middleware.go:22.16,25.36 1 1
github.com/Blue-Davinci/leadhub-service/cmd/api/middleware.go:25.36,37.5 2 1
github.com/Blue-Davinci/leadhub-service/cmd/api/middleware.go:39.3,39.23 1 1
github.com/Blue-Davinci/leadhub-service/cmd/api/middleware.go:43.70,44.71 1 1
github.com/Blue-Davinci/leadhub-service/cmd/api/middleware.go:44.71,52.33 3 1
github.com/Blue-Davinci/leadhub-service/cmd/api/middleware.go:52.33,56.4 3 1
github.com/Blue-Davinci/leadhub-service/cmd/api/middleware.go:57.3,57.17 1 0
github.com/Blue-Davinci/leadhub-service/cmd/api/middleware.go:57.17,58.11 1 0
github.com/Blue-Davinci/leadhub-service/cmd/api/middleware.go:59.50,60.49 1 0
github.com/Blue-Davinci/leadhub-service/cmd/api/middleware.go:61.55,62.49 1 0
github.com/Blue-Davinci/leadhub-service/cmd/api/middleware.go:63.12,64.39 1 0
github.com/Blue-Davinci/leadhub-service/cmd/api/middleware.go:66.4,66.10 1 0
github.com/Blue-Davinci/leadhub-service/cmd/api/middleware.go:70.3,72.23 2 0
github.com/Blue-Davinci/leadhub-service/cmd/api/middleware.go:78.82,79.71 1 0
github.com/Blue-Davinci/leadhub-service/cmd/api/middleware.go:79.71,85.25 2 0
github.com/Blue-Davinci/leadhub-service/cmd/api/middleware.go:85.25,88.4 2 0
github.com/Blue-Davinci/leadhub-service/cmd/api/middleware.go:89.3,89.23 1 0
github.com/Blue-Davinci/leadhub-service/cmd/api/middleware.go:94.78,96.71 1 0
github.com/Blue-Davinci/leadhub-service/cmd/api/middleware.go:96.71,100.22 2 0
github.com/Blue-Davinci/leadhub-service/cmd/api/middleware.go:100.22,103.4 2 0
github.com/Blue-Davinci/leadhub-service/cmd/api/middleware.go:104.3,104.23 1 0
github.com/Blue-Davinci/leadhub-service/cmd/api/middleware.go:110.67,125.12 3 1
github.com/Blue-Davinci/leadhub-service/cmd/api/middleware.go:125.12,126.7 1 1
github.com/Blue-Davinci/leadhub-service/cmd/api/middleware.go:126.7,133.36 3 1
github.com/Blue-Davinci/leadhub-service/cmd/api/middleware.go:133.36,134.52 1 0
github.com/Blue-Davinci/leadhub-service/cmd/api/middleware.go:134.52,136.6 1 0
github.com/Blue-Davinci/leadhub-service/cmd/api/middleware.go:139.4,139.15 1 0
github.com/Blue-Davinci/leadhub-service/cmd/api/middleware.go:143.2,143.71 1 1
github.com/Blue-Davinci/leadhub-service/cmd/api/middleware.go:143.71,145.33 1 1
github.com/Blue-Davinci/leadhub-service/cmd/api/middleware.go:145.33,152.39 3 1
github.com/Blue-Davinci/leadhub-service/cmd/api/middleware.go:152.39,157.5 1 1
github.com/Blue-Davinci/leadhub-service/cmd/api/middleware.go:159.4,164.36 2 1
github.com/Blue-Davinci/leadhub-service/cmd/api/middleware.go:164.36,168.5 3 1
github.com/Blue-Davinci/leadhub-service/cmd/api/middleware.go:171.4,171.15 1 1
github.com/Blue-Davinci/leadhub-service/cmd/api/middleware.go:173.3,173.23 1 1
github.com/Blue-Davinci/leadhub-service/cmd/api/middleware.go:179.65,186.71 5 1
github.com/Blue-Davinci/leadhub-service/cmd/api/middleware.go:186.71,199.3 5 1
github.com/Blue-Davinci/leadhub-service/cmd/api/middleware.go:204.93,205.46 1 0
github.com/Blue-Davinci/leadhub-service/cmd/api/middleware.go:205.46,206.72 1 0
github.com/Blue-Davinci/leadhub-service/cmd/api/middleware.go:206.72,211.18 3 0
github.com/Blue-Davinci/leadhub-service/cmd/api/middleware.go:211.18,214.5 2 0
github.com/Blue-Davinci/leadhub-service/cmd/api/middleware.go:217.4,217.34 1 0
github.com/Blue-Davinci/leadhub-service/cmd/api/middleware.go:217.34,220.5 2 0
github.com/Blue-Davinci/leadhub-service/cmd/api/middleware.go:223.4,223.24 1 0
github.com/Blue-Davinci/leadhub-service/cmd/api/routes.go:12.47,43.2 13 0
github.com/Blue-Davinci/leadhub-service/cmd/api/routes.go:48.52,51.80 2 0
github.com/Blue-Davinci/leadhub-service/cmd/api/routes.go:51.80,53.3 1 0
github.com/Blue-Davinci/leadhub-service/cmd/api/routes.go:54.2,55.22 2 0
github.com/Blue-Davinci/leadhub-service/cmd/api/routes.go:59.49,66.2 5 0
github.com/Blue-Davinci/leadhub-service/cmd/api/routes.go:70.89,80.2 6 0
github.com/Blue-Davinci/leadhub-service/cmd/api/routes.go:83.93,96.2 7 0
github.com/Blue-Davinci/leadhub-service/cmd/api/server.go:16.40,28.12 3 0
github.com/Blue-Davinci/leadhub-service/cmd/api/server.go:28.12,41.17 8 0
github.com/Blue-Davinci/leadhub-service/cmd/api/server.go:41.17,43.4 1 0
github.com/Blue-Davinci/leadhub-service/cmd/api/server.go:44.3,48.36 3 0
github.com/Blue-Davinci/leadhub-service/cmd/api/server.go:51.2,52.45 2 0
github.com/Blue-Davinci/leadhub-service/cmd/api/server.go:52.45,53.44 1 0
github.com/Blue-Davinci/leadhub-service/cmd/api/server.go:53.44,55.4 1 0
github.com/Blue-Davinci/leadhub-service/cmd/api/server.go:60.2,61.16 2 0
github.com/Blue-Davinci/leadhub-service/cmd/api/server.go:61.16,63.3 1 0
github.com/Blue-Davinci/leadhub-service/cmd/api/server.go:65.2,66.12 2 0
github.com/Blue-Davinci/leadhub-service/cmd/api/tenants.go:14.86,20.16 3 0
github.com/Blue-Davinci/leadhub-service/cmd/api/tenants.go:20.16,21.10 1 0
github.com/Blue-Davinci/leadhub-service/cmd/api/tenants.go:22.45,23.30 1 0
github.com/Blue-Davinci/leadhub-service/cmd/api/tenants.go:24.11,25.38 1 0
github.com/Blue-Davinci/leadhub-service/cmd/api/tenants.go:27.3,27.9 1 0
github.com/Blue-Davinci/leadhub-service/cmd/api/tenants.go:30.2,31.16 2 0
github.com/Blue-Davinci/leadhub-service/cmd/api/tenants.go:31.16,33.3 1 0
github.com/Blue-Davinci/leadhub-service/cmd/api/tenants.go:38.91,57.56 9 0
github.com/Blue-Davinci/leadhub-service/cmd/api/tenants.go:57.56,60.3 2 0
github.com/Blue-Davinci/leadhub-service/cmd/api/tenants.go:62.2,63.16 2 0
github.com/Blue-Davinci/leadhub-service/cmd/api/tenants.go:63.16,64.10 1 0
github.com/Blue-Davinci/leadhub-service/cmd/api/tenants.go:65.45,66.30 1 0
github.com/Blue-Davinci/leadhub-service/cmd/api/tenants.go:67.11,68.38 1 0
github.com/Blue-Davinci/leadhub-service/cmd/api/tenants.go:70.3,70.9 1 0
github.com/Blue-Davinci/leadhub-service/cmd/api/tenants.go:73.2,74.16 2 0
github.com/Blue-Davinci/leadhub-service/cmd/api/tenants.go:74.16,76.3 1 0
github.com/Blue-Davinci/leadhub-service/cmd/api/tenants.go:82.85,88.51 2 0
github.com/Blue-Davinci/leadhub-service/cmd/api/tenants.go:88.51,91.3 2 0
github.com/Blue-Davinci/leadhub-service/cmd/api/tenants.go:93.2,101.48 3 0
github.com/Blue-Davinci/leadhub-service/cmd/api/tenants.go:101.48,104.3 2 0
github.com/Blue-Davinci/leadhub-service/cmd/api/tenants.go:106.2,106.64 1 0
github.com/Blue-Davinci/leadhub-service/cmd/api/tenants.go:106.64,107.10 1 0
github.com/Blue-Davinci/leadhub-service/cmd/api/tenants.go:108.43,110.48 2 0
github.com/Blue-Davinci/leadhub-service/cmd/api/tenants.go:111.11,112.38 1 0
github.com/Blue-Davinci/leadhub-service/cmd/api/tenants.go:114.3,114.9 1 0
github.com/Blue-Davinci/leadhub-service/cmd/api/tenants.go:117.2,118.16 2 0
github.com/Blue-Davinci/leadhub-service/cmd/api/tenants.go:118.16,120.3 1 0
github.com/Blue-Davinci/leadhub-service/cmd/api/tenants.go:124.85,127.16 2 0
github.com/Blue-Davinci/leadhub-service/cmd/api/tenants.go:127.16,130.3 2 0
github.com/Blue-Davinci/leadhub-service/cmd/api/tenants.go:132.2,133.16 2 0
github.com/Blue-Davinci/leadhub-service/cmd/api/tenants.go:133.16,136.3 2 0
github.com/Blue-Davinci/leadhub-service/cmd/api/tenants.go:138.2,140.55 2 0
github.com/Blue-Davinci/leadhub-service/cmd/api/tenants.go:140.55,143.3 2 0
github.com/Blue-Davinci/leadhub-service/cmd/api/tenants.go:145.2,150.51 2 0
github.com/Blue-Davinci/leadhub-service/cmd/api/tenants.go:150.51,153.3 2 0
github.com/Blue-Davinci/leadhub-service/cmd/api/tenants.go:155.2,156.16 2 0
github.com/Blue-Davinci/leadhub-service/cmd/api/tenants.go:156.16,157.10 1 0
github.com/Blue-Davinci/leadhub-service/cmd/api/tenants.go:158.45,159.30 1 0
github.com/Blue-Davinci/leadhub-service/cmd/api/tenants.go:160.11,161.38 1 0
github.com/Blue-Davinci/leadhub-service/cmd/api/tenants.go:163.3,163.9 1 0
github.com/Blue-Davinci/leadhub-service/cmd/api/tenants.go:166.2,166.23 1 0
github.com/Blue-Davinci/leadhub-service/cmd/api/tenants.go:166.23,168.3 1 0
github.com/Blue-Davinci/leadhub-service/cmd/api/tenants.go:169.2,169.31 1 0
github.com/Blue-Davinci/leadhub-service/cmd/api/tenants.go:169.31,171.3 1 0
github.com/Blue-Davinci/leadhub-service/cmd/api/tenants.go:172.2,172.30 1 0
github.com/Blue-Davinci/leadhub-service/cmd/api/tenants.go:172.30,174.3 1 0
github.com/Blue-Davinci/leadhub-service/cmd/api/tenants.go:176.2,176.48 1 0
github.com/Blue-Davinci/leadhub-service/cmd/api/tenants.go:176.48,179.3 2 0
github.com/Blue-Davinci/leadhub-service/cmd/api/tenants.go:181.2,181.82 1 0
github.com/Blue-Davinci/leadhub-service/cmd/api/tenants.go:181.82,182.10 1 0
github.com/Blue-Davinci/leadhub-service/cmd/api/tenants.go:183.45,184.30 1 0
github.com/Blue-Davinci/leadhub-service/cmd/api/tenants.go:185.43,187.48 2 0
github.com/Blue-Davinci/leadhub-service/cmd/api/tenants.go:188.11,189.38 1 0
github.com/Blue-Davinci/leadhub-service/cmd/api/tenants.go:191.3,191.9 1 0
github.com/Blue-Davinci/leadhub-service/cmd/api/tenants.go:194.2,195.16 2 0
github.com/Blue-Davinci/leadhub-service/cmd/api/tenants.go:195.16,197.3 1 0
github.com/Blue-Davinci/leadhub-service/cmd/api/trade_leads.go:11.88,19.51 2 0
github.com/Blue-Davinci/leadhub-service/cmd/api/trade_leads.go:19.51,22.3 2 0
github.com/Blue-Davinci/leadhub-service/cmd/api/trade_leads.go:24.2,31.49 3 0
github.com/Blue-Davinci/leadhub-service/cmd/api/trade_leads.go:31.49,34.3 2 0
github.com/Blue-Davinci/leadhub-service/cmd/api/trade_leads.go:37.2,37.100 1 0
github.com/Blue-Davinci/leadhub-service/cmd/api/trade_leads.go:37.100,38.10 1 0
github.com/Blue-Davinci/leadhub-service/cmd/api/trade_leads.go:39.46,40.30 1 0
github.com/Blue-Davinci/leadhub-service/cmd/api/trade_leads.go:41.46,42.37 1 0
github.com/Blue-Davinci/leadhub-service/cmd/api/trade_leads.go:43.11,44.38 1 0
github.com/Blue-Davinci/leadhub-service/cmd/api/trade_leads.go:46.3,46.9 1 0
github.com/Blue-Davinci/leadhub-service/cmd/api/trade_leads.go:48.2,49.16 2 0
github.com/Blue-Davinci/leadhub-service/cmd/api/trade_leads.go:49.16,51.3 1 0
github.com/Blue-Davinci/leadhub-service/cmd/api/trade_leads.go:55.94,74.56 9 0
github.com/Blue-Davinci/leadhub-service/cmd/api/trade_leads.go:74.56,77.3 2 0
github.com/Blue-Davinci/leadhub-service/cmd/api/trade_leads.go:79.2,80.16 2 0
github.com/Blue-Davinci/leadhub-service/cmd/api/trade_leads.go:80.16,81.10 1 0
github.com/Blue-Davinci/leadhub-service/cmd/api/trade_leads.go:82.45,83.30 1 0
github.com/Blue-Davinci/leadhub-service/cmd/api/trade_leads.go:84.11,85.38 1 0
github.com/Blue-Davinci/leadhub-service/cmd/api/trade_leads.go:87.3,87.9 1 0
github.com/Blue-Davinci/leadhub-service/cmd/api/trade_leads.go:90.2,91.16 2 0
github.com/Blue-Davinci/leadhub-service/cmd/api/trade_leads.go:91.16,93.3 1 0
github.com/Blue-Davinci/leadhub-service/cmd/api/trade_leads.go:97.94,116.56 9 0
github.com/Blue-Davinci/leadhub-service/cmd/api/trade_leads.go:116.56,119.3 2 0
github.com/Blue-Davinci/leadhub-service/cmd/api/trade_leads.go:121.2,122.16 2 0
github.com/Blue-Davinci/leadhub-service/cmd/api/trade_leads.go:122.16,123.10 1 0
github.com/Blue-Davinci/leadhub-service/cmd/api/trade_leads.go:124.45,125.30 1 0
github.com/Blue-Davinci/leadhub-service/cmd/api/trade_leads.go:126.11,127.38 1 0
github.com/Blue-Davinci/leadhub-service/cmd/api/trade_leads.go:129.3,129.9 1 0
github.com/Blue-Davinci/leadhub-service/cmd/api/trade_leads.go:132.2,133.16 2 0
github.com/Blue-Davinci/leadhub-service/cmd/api/trade_leads.go:133.16,135.3 1 0
github.com/Blue-Davinci/leadhub-service/cmd/api/trade_leads.go:139.95,142.16 2 0
github.com/Blue-Davinci/leadhub-service/cmd/api/trade_leads.go:142.16,143.10 1 0
github.com/Blue-Davinci/leadhub-service/cmd/api/trade_leads.go:144.45,145.30 1 0
github.com/Blue-Davinci/leadhub-service/cmd/api/trade_leads.go:146.11,147.38 1 0
github.com/Blue-Davinci/leadhub-service/cmd/api/trade_leads.go:149.3,149.9 1 0
github.com/Blue-Davinci/leadhub-service/cmd/api/trade_leads.go:152.2,153.16 2 0
github.com/Blue-Davinci/leadhub-service/cmd/api/trade_leads.go:153.16,155.3 1 0
github.com/Blue-Davinci/leadhub-service/cmd/api/trade_leads.go:159.99,162.16 2 0
github.com/Blue-Davinci/leadhub-service/cmd/api/trade_leads.go:162.16,165.3 2 0
github.com/Blue-Davinci/leadhub-service/cmd/api/trade_leads.go:167.2,168.16 2 0
github.com/Blue-Davinci/leadhub-service/cmd/api/trade_leads.go:168.16,171.3 2 0
github.com/Blue-Davinci/leadhub-service/cmd/api/trade_leads.go:173.2,174.16 2 0
github.com/Blue-Davinci/leadhub-service/cmd/api/trade_leads.go:174.16,175.10 1 0
github.com/Blue-Davinci/leadhub-service/cmd/api/trade_leads.go:176.45,177.30 1 0
github.com/Blue-Davinci/leadhub-service/cmd/api/trade_leads.go:178.11,179.38 1 0
github.com/Blue-Davinci/leadhub-service/cmd/api/trade_leads.go:181.3,181.9 1 0
github.com/Blue-Davinci/leadhub-service/cmd/api/trade_leads.go:184.2,185.16 2 0
github.com/Blue-Davinci/leadhub-service/cmd/api/trade_leads.go:185.16,186.10 1 0
github.com/Blue-Davinci/leadhub-service/cmd/api/trade_leads.go:187.46,188.37 1 0
github.com/Blue-Davinci/leadhub-service/cmd/api/trade_leads.go:189.45,190.30 1 0
github.com/Blue-Davinci/leadhub-service/cmd/api/trade_leads.go:191.11,192.38 1 0
github.com/Blue-Davinci/leadhub-service/cmd/api/trade_leads.go:194.3,194.9 1 0
github.com/Blue-Davinci/leadhub-service/cmd/api/trade_leads.go:197.2,198.16 2 0
github.com/Blue-Davinci/leadhub-service/cmd/api/trade_leads.go:198.16,200.3 1 0
github.com/Blue-Davinci/leadhub-service/cmd/api/users.go:14.85,22.16 3 0
github.com/Blue-Davinci/leadhub-service/cmd/api/users.go:22.16,25.3 2 0
github.com/Blue-Davinci/leadhub-service/cmd/api/users.go:27.2,35.16 3 0
github.com/Blue-Davinci/leadhub-service/cmd/api/users.go:35.16,38.3 2 0
github.com/Blue-Davinci/leadhub-service/cmd/api/users.go:40.2,41.44 2 0
github.com/Blue-Davinci/leadhub-service/cmd/api/users.go:41.44,44.3 2 0
github.com/Blue-Davinci/leadhub-service/cmd/api/users.go:47.2,48.16 2 0
github.com/Blue-Davinci/leadhub-service/cmd/api/users.go:48.16,49.10 1 0
github.com/Blue-Davinci/leadhub-service/cmd/api/users.go:50.47,52.48 2 0
github.com/Blue-Davinci/leadhub-service/cmd/api/users.go:53.11,54.38 1 0
github.com/Blue-Davinci/leadhub-service/cmd/api/users.go:57.3,57.9 1 0
github.com/Blue-Davinci/leadhub-service/cmd/api/users.go:59.2,63.16 3 0
github.com/Blue-Davinci/leadhub-service/cmd/api/users.go:63.16,66.3 2 0
github.com/Blue-Davinci/leadhub-service/cmd/api/users.go:68.2,68.24 1 0
github.com/Blue-Davinci/leadhub-service/cmd/api/users.go:68.24,76.17 3 0
github.com/Blue-Davinci/leadhub-service/cmd/api/users.go:76.17,78.4 1 0
github.com/Blue-Davinci/leadhub-service/cmd/api/users.go:82.2,83.16 2 0
github.com/Blue-Davinci/leadhub-service/cmd/api/users.go:83.16,85.3 1 0
github.com/Blue-Davinci/leadhub-service/cmd/api/users.go:91.85,97.16 3 0
github.com/Blue-Davinci/leadhub-service/cmd/api/users.go:97.16,100.3 2 0
github.com/Blue-Davinci/leadhub-service/cmd/api/users.go:102.2,103.70 2 0
github.com/Blue-Davinci/leadhub-service/cmd/api/users.go:103.70,106.3 2 0
github.com/Blue-Davinci/leadhub-service/cmd/api/users.go:110.2,111.16 2 0
github.com/Blue-Davinci/leadhub-service/cmd/api/users.go:111.16,112.10 1 0
github.com/Blue-Davinci/leadhub-service/cmd/api/users.go:113.54,115.48 2 0
github.com/Blue-Davinci/leadhub-service/cmd/api/users.go:116.11,117.38 1 0
github.com/Blue-Davinci/leadhub-service/cmd/api/users.go:119.3,119.9 1 0
github.com/Blue-Davinci/leadhub-service/cmd/api/users.go:121.2,127.16 4 0
github.com/Blue-Davinci/leadhub-service/cmd/api/users.go:127.16,128.10 1 0
github.com/Blue-Davinci/leadhub-service/cmd/api/users.go:129.52,130.34 1 0
github.com/Blue-Davinci/leadhub-service/cmd/api/users.go:131.11,132.38 1 0
github.com/Blue-Davinci/leadhub-service/cmd/api/users.go:134.3,134.9 1 0
github.com/Blue-Davinci/leadhub-service/cmd/api/users.go:138.2,139.16 2 0
github.com/Blue-Davinci/leadhub-service/cmd/api/users.go:139.16,142.3 2 0
github.com/Blue-Davinci/leadhub-service/cmd/api/users.go:144.2,144.24 1 0
github.com/Blue-Davinci/leadhub-service/cmd/api/users.go:144.24,155.17 3 0
github.com/Blue-Davinci/leadhub-service/cmd/api/users.go:155.17,157.4 1 0
github.com/Blue-Davinci/leadhub-service/cmd/api/users.go:160.2,167.16 3 0
github.com/Blue-Davinci/leadhub-service/cmd/api/users.go:167.16,169.3 1 0
github.com/Blue-Davinci/leadhub-service/cmd/api/users.go:173.99,180.16 3 0
github.com/Blue-Davinci/leadhub-service/cmd/api/users.go:180.16,183.3 2 0
github.com/Blue-Davinci/leadhub-service/cmd/api/users.go:185.2,188.16 4 0
github.com/Blue-Davinci/leadhub-service/cmd/api/users.go:188.16,191.3 2 0
github.com/Blue-Davinci/leadhub-service/cmd/api/users.go:193.2,194.16 2 0
github.com/Blue-Davinci/leadhub-service/cmd/api/users.go:194.16,195.10 1 0
github.com/Blue-Davinci/leadhub-service/cmd/api/users.go:197.54,198.40 1 0
github.com/Blue-Davinci/leadhub-service/cmd/api/users.go:199.11,201.38 1 0
github.com/Blue-Davinci/leadhub-service/cmd/api/users.go:203.3,203.9 1 0
github.com/Blue-Davinci/leadhub-service/cmd/api/users.go:206.2,207.16 2 0
github.com/Blue-Davinci/leadhub-service/cmd/api/users.go:207.16,210.3 2 0
github.com/Blue-Davinci/leadhub-service/cmd/api/users.go:212.2,212.12 1 0
github.com/Blue-Davinci/leadhub-service/cmd/api/users.go:212.12,215.3 2 0
github.com/Blue-Davinci/leadhub-service/cmd/api/users.go:218.2,219.16 2 0
github.com/Blue-Davinci/leadhub-service/cmd/api/users.go:219.16,222.3 2 0
github.com/Blue-Davinci/leadhub-service/cmd/api/users.go:224.2,234.16 3 0
github.com/Blue-Davinci/leadhub-service/cmd/api/users.go:234.16,236.3 1 0
