mode: set
github.com/Blue-Davinci/leadhub-service/internal/data/filters.go:27.57,35.2 5 0
github.com/Blue-Davinci/leadhub-service/internal/data/filters.go:40.38,41.43 1 0
github.com/Blue-Davinci/leadhub-service/internal/data/filters.go:41.43,42.26 1 0
github.com/Blue-Davinci/leadhub-service/internal/data/filters.go:42.26,44.4 1 0
github.com/Blue-Davinci/leadhub-service/internal/data/filters.go:46.2,46.43 1 0
github.com/Blue-Davinci/leadhub-service/internal/data/filters.go:51.41,52.36 1 0
github.com/Blue-Davinci/leadhub-service/internal/data/filters.go:52.36,54.3 1 0
github.com/Blue-Davinci/leadhub-service/internal/data/filters.go:55.2,55.14 1 0
github.com/Blue-Davinci/leadhub-service/internal/data/filters.go:58.30,60.2 1 0
github.com/Blue-Davinci/leadhub-service/internal/data/filters.go:62.31,64.2 1 0
github.com/Blue-Davinci/leadhub-service/internal/data/filters.go:67.37,71.2 2 0
github.com/Blue-Davinci/leadhub-service/internal/data/filters.go:74.38,78.2 2 0
github.com/Blue-Davinci/leadhub-service/internal/data/filters.go:85.67,87.23 1 0
github.com/Blue-Davinci/leadhub-service/internal/data/filters.go:87.23,90.3 1 0
github.com/Blue-Davinci/leadhub-service/internal/data/filters.go:91.2,97.3 1 0
github.com/Blue-Davinci/leadhub-service/internal/data/internal_helpers.go:12.105,14.2 1 0
github.com/Blue-Davinci/leadhub-service/internal/data/internal_helpers.go:16.77,18.2 1 0
github.com/Blue-Davinci/leadhub-service/internal/data/models.go:22.45,30.2 1 0
github.com/Blue-Davinci/leadhub-service/internal/data/permissions.go:34.87,38.2 2 0
github.com/Blue-Davinci/leadhub-service/internal/data/permissions.go:39.95,43.2 2 0
github.com/Blue-Davinci/leadhub-service/internal/data/permissions.go:45.72,49.2 2 0
github.com/Blue-Davinci/leadhub-service/internal/data/permissions.go:52.54,57.2 2 0
github.com/Blue-Davinci/leadhub-service/internal/data/permissions.go:65.48,66.19 1 0
github.com/Blue-Davinci/leadhub-service/internal/data/permissions.go:66.19,67.19 1 0
github.com/Blue-Davinci/leadhub-service/internal/data/permissions.go:67.19,69.4 1 0
github.com/Blue-Davinci/leadhub-service/internal/data/permissions.go:71.2,71.14 1 0
github.com/Blue-Davinci/leadhub-service/internal/data/permissions.go:75.73,80.16 4 0
github.com/Blue-Davinci/leadhub-service/internal/data/permissions.go:80.16,82.3 1 0
github.com/Blue-Davinci/leadhub-service/internal/data/permissions.go:83.2,84.41 2 0
github.com/Blue-Davinci/leadhub-service/internal/data/permissions.go:84.41,89.3 1 0
github.com/Blue-Davinci/leadhub-service/internal/data/permissions.go:91.2,91.28 1 0
github.com/Blue-Davinci/leadhub-service/internal/data/permissions.go:96.86,104.16 5 0
github.com/Blue-Davinci/leadhub-service/internal/data/permissions.go:104.16,106.3 1 0
github.com/Blue-Davinci/leadhub-service/internal/data/permissions.go:107.2,107.43 1 0
github.com/Blue-Davinci/leadhub-service/internal/data/permissions.go:107.43,109.3 1 0
github.com/Blue-Davinci/leadhub-service/internal/data/permissions.go:111.2,111.25 1 0
github.com/Blue-Davinci/leadhub-service/internal/data/permissions.go:116.104,125.16 4 0
github.com/Blue-Davinci/leadhub-service/internal/data/permissions.go:125.16,126.10 1 0
github.com/Blue-Davinci/leadhub-service/internal/data/permissions.go:127.101,128.38 1 0
github.com/Blue-Davinci/leadhub-service/internal/data/permissions.go:129.11,130.19 1 0
github.com/Blue-Davinci/leadhub-service/internal/data/permissions.go:134.2,140.28 2 0
github.com/Blue-Davinci/leadhub-service/internal/data/permissions.go:145.103,155.16 4 0
github.com/Blue-Davinci/leadhub-service/internal/data/permissions.go:155.16,156.10 1 0
github.com/Blue-Davinci/leadhub-service/internal/data/permissions.go:157.38,158.35 1 0
github.com/Blue-Davinci/leadhub-service/internal/data/permissions.go:159.11,160.17 1 0
github.com/Blue-Davinci/leadhub-service/internal/data/permissions.go:164.2,164.26 1 0
github.com/Blue-Davinci/leadhub-service/internal/data/tenants.go:36.61,45.2 3 1
github.com/Blue-Davinci/leadhub-service/internal/data/tenants.go:48.64,53.16 4 0
github.com/Blue-Davinci/leadhub-service/internal/data/tenants.go:53.16,54.10 1 0
github.com/Blue-Davinci/leadhub-service/internal/data/tenants.go:55.38,56.40 1 0
github.com/Blue-Davinci/leadhub-service/internal/data/tenants.go:57.11,58.19 1 0
github.com/Blue-Davinci/leadhub-service/internal/data/tenants.go:62.2,62.37 1 0
github.com/Blue-Davinci/leadhub-service/internal/data/tenants.go:66.107,75.16 4 0
github.com/Blue-Davinci/leadhub-service/internal/data/tenants.go:75.16,76.10 1 0
github.com/Blue-Davinci/leadhub-service/internal/data/tenants.go:77.38,78.52 1 0
github.com/Blue-Davinci/leadhub-service/internal/data/tenants.go:79.11,80.31 1 0
github.com/Blue-Davinci/leadhub-service/internal/data/tenants.go:84.2,84.23 1 0
github.com/Blue-Davinci/leadhub-service/internal/data/tenants.go:84.23,86.3 1 0
github.com/Blue-Davinci/leadhub-service/internal/data/tenants.go:88.2,90.36 3 0
github.com/Blue-Davinci/leadhub-service/internal/data/tenants.go:90.36,93.3 2 0
github.com/Blue-Davinci/leadhub-service/internal/data/tenants.go:95.2,97.34 2 0
github.com/Blue-Davinci/leadhub-service/internal/data/tenants.go:101.58,111.16 4 0
github.com/Blue-Davinci/leadhub-service/internal/data/tenants.go:111.16,112.10 1 0
github.com/Blue-Davinci/leadhub-service/internal/data/tenants.go:113.58,114.33 1 0
github.com/Blue-Davinci/leadhub-service/internal/data/tenants.go:115.11,116.14 1 0
github.com/Blue-Davinci/leadhub-service/internal/data/tenants.go:120.2,125.12 5 0
github.com/Blue-Davinci/leadhub-service/internal/data/tenants.go:129.75,141.16 4 0
github.com/Blue-Davinci/leadhub-service/internal/data/tenants.go:141.16,142.10 1 0
github.com/Blue-Davinci/leadhub-service/internal/data/tenants.go:143.38,144.33 1 0
github.com/Blue-Davinci/leadhub-service/internal/data/tenants.go:145.58,146.33 1 0
github.com/Blue-Davinci/leadhub-service/internal/data/tenants.go:147.11,148.14 1 0
github.com/Blue-Davinci/leadhub-service/internal/data/tenants.go:152.2,155.12 3 0
github.com/Blue-Davinci/leadhub-service/internal/data/tenants.go:158.45,159.39 1 0
github.com/Blue-Davinci/leadhub-service/internal/data/tenants.go:160.23,169.4 1 0
github.com/Blue-Davinci/leadhub-service/internal/data/tenants.go:170.38,179.4 1 0
github.com/Blue-Davinci/leadhub-service/internal/data/tenants.go:180.10,182.13 1 0
github.com/Blue-Davinci/leadhub-service/internal/data/tokens.go:44.76,47.2 2 0
github.com/Blue-Davinci/leadhub-service/internal/data/tokens.go:52.83,62.16 4 0
github.com/Blue-Davinci/leadhub-service/internal/data/tokens.go:62.16,64.3 1 0
github.com/Blue-Davinci/leadhub-service/internal/data/tokens.go:67.2,72.19 4 0
github.com/Blue-Davinci/leadhub-service/internal/data/tokens.go:75.88,77.16 2 0
github.com/Blue-Davinci/leadhub-service/internal/data/tokens.go:77.16,79.3 1 0
github.com/Blue-Davinci/leadhub-service/internal/data/tokens.go:82.2,83.21 2 0
github.com/Blue-Davinci/leadhub-service/internal/data/tokens.go:86.50,97.2 4 0
github.com/Blue-Davinci/leadhub-service/internal/data/tokens.go:100.72,109.2 4 0
github.com/Blue-Davinci/leadhub-service/internal/data/trade_leads.go:47.65,52.2 3 1
github.com/Blue-Davinci/leadhub-service/internal/data/trade_leads.go:56.86,66.16 4 0
github.com/Blue-Davinci/leadhub-service/internal/data/trade_leads.go:66.16,67.10 1 0
github.com/Blue-Davinci/leadhub-service/internal/data/trade_leads.go:68.68,69.36 1 0
github.com/Blue-Davinci/leadhub-service/internal/data/trade_leads.go:70.66,71.36 1 0
github.com/Blue-Davinci/leadhub-service/internal/data/trade_leads.go:72.11,73.14 1 0
github.com/Blue-Davinci/leadhub-service/internal/data/trade_leads.go:78.2,85.12 7 0
github.com/Blue-Davinci/leadhub-service/internal/data/trade_leads.go:89.72,94.16 4 0
github.com/Blue-Davinci/leadhub-service/internal/data/trade_leads.go:94.16,95.10 1 0
github.com/Blue-Davinci/leadhub-service/internal/data/trade_leads.go:96.38,97.40 1 0
github.com/Blue-Davinci/leadhub-service/internal/data/trade_leads.go:98.11,99.19 1 0
github.com/Blue-Davinci/leadhub-service/internal/data/trade_leads.go:103.2,105.23 2 0
github.com/Blue-Davinci/leadhub-service/internal/data/trade_leads.go:110.125,120.16 4 0
github.com/Blue-Davinci/leadhub-service/internal/data/trade_leads.go:120.16,121.10 1 0
github.com/Blue-Davinci/leadhub-service/internal/data/trade_leads.go:122.38,123.52 1 0
github.com/Blue-Davinci/leadhub-service/internal/data/trade_leads.go:124.11,125.31 1 0
github.com/Blue-Davinci/leadhub-service/internal/data/trade_leads.go:129.2,129.21 1 0
github.com/Blue-Davinci/leadhub-service/internal/data/trade_leads.go:129.21,131.3 1 0
github.com/Blue-Davinci/leadhub-service/internal/data/trade_leads.go:133.2,135.32 3 0
github.com/Blue-Davinci/leadhub-service/internal/data/trade_leads.go:135.32,138.3 2 0
github.com/Blue-Davinci/leadhub-service/internal/data/trade_leads.go:140.2,142.32 2 0
github.com/Blue-Davinci/leadhub-service/internal/data/trade_leads.go:146.109,155.16 4 0
github.com/Blue-Davinci/leadhub-service/internal/data/trade_leads.go:155.16,156.10 1 0
github.com/Blue-Davinci/leadhub-service/internal/data/trade_leads.go:157.38,158.52 1 0
github.com/Blue-Davinci/leadhub-service/internal/data/trade_leads.go:159.11,160.31 1 0
github.com/Blue-Davinci/leadhub-service/internal/data/trade_leads.go:164.2,164.21 1 0
github.com/Blue-Davinci/leadhub-service/internal/data/trade_leads.go:164.21,166.3 1 0
github.com/Blue-Davinci/leadhub-service/internal/data/trade_leads.go:168.2,170.32 3 0
github.com/Blue-Davinci/leadhub-service/internal/data/trade_leads.go:170.32,173.3 2 0
github.com/Blue-Davinci/leadhub-service/internal/data/trade_leads.go:175.2,177.32 2 0
github.com/Blue-Davinci/leadhub-service/internal/data/trade_leads.go:181.104,189.16 4 0
github.com/Blue-Davinci/leadhub-service/internal/data/trade_leads.go:189.16,190.10 1 0
github.com/Blue-Davinci/leadhub-service/internal/data/trade_leads.go:191.66,192.36 1 0
github.com/Blue-Davinci/leadhub-service/internal/data/trade_leads.go:194.38,195.35 1 0
github.com/Blue-Davinci/leadhub-service/internal/data/trade_leads.go:196.11,197.14 1 0
github.com/Blue-Davinci/leadhub-service/internal/data/trade_leads.go:201.2,204.12 4 0
github.com/Blue-Davinci/leadhub-service/internal/data/trade_leads.go:208.71,213.16 4 0
github.com/Blue-Davinci/leadhub-service/internal/data/trade_leads.go:213.16,214.10 1 0
github.com/Blue-Davinci/leadhub-service/internal/data/trade_leads.go:215.38,216.40 1 0
github.com/Blue-Davinci/leadhub-service/internal/data/trade_leads.go:217.11,218.19 1 0
github.com/Blue-Davinci/leadhub-service/internal/data/trade_leads.go:222.2,227.24 2 0
github.com/Blue-Davinci/leadhub-service/internal/data/trade_leads.go:230.54,231.40 1 0
github.com/Blue-Davinci/leadhub-service/internal/data/trade_leads.go:232.26,243.4 1 0
github.com/Blue-Davinci/leadhub-service/internal/data/trade_leads.go:244.41,255.4 1 0
github.com/Blue-Davinci/leadhub-service/internal/data/trade_leads.go:256.41,267.4 1 0
github.com/Blue-Davinci/leadhub-service/internal/data/trade_leads.go:268.10,269.13 1 0
github.com/Blue-Davinci/leadhub-service/internal/data/users.go:33.35,35.2 1 0
github.com/Blue-Davinci/leadhub-service/internal/data/users.go:46.56,48.16 2 0
github.com/Blue-Davinci/leadhub-service/internal/data/users.go:48.16,50.3 1 0
github.com/Blue-Davinci/leadhub-service/internal/data/users.go:51.2,53.12 3 0
github.com/Blue-Davinci/leadhub-service/internal/data/users.go:59.68,61.16 2 0
github.com/Blue-Davinci/leadhub-service/internal/data/users.go:61.16,63.10 1 0
github.com/Blue-Davinci/leadhub-service/internal/data/users.go:64.60,65.21 1 0
github.com/Blue-Davinci/leadhub-service/internal/data/users.go:66.11,67.21 1 0
github.com/Blue-Davinci/leadhub-service/internal/data/users.go:70.2,70.18 1 0
github.com/Blue-Davinci/leadhub-service/internal/data/users.go:93.58,96.2 2 1
github.com/Blue-Davinci/leadhub-service/internal/data/users.go:97.56,100.2 2 0
github.com/Blue-Davinci/leadhub-service/internal/data/users.go:101.73,105.2 3 0
github.com/Blue-Davinci/leadhub-service/internal/data/users.go:106.55,113.36 3 0
github.com/Blue-Davinci/leadhub-service/internal/data/users.go:113.36,115.3 1 0
github.com/Blue-Davinci/leadhub-service/internal/data/users.go:119.2,119.31 1 0
github.com/Blue-Davinci/leadhub-service/internal/data/users.go:119.31,120.42 1 0
github.com/Blue-Davinci/leadhub-service/internal/data/users.go:127.45,139.16 4 0
github.com/Blue-Davinci/leadhub-service/internal/data/users.go:139.16,140.10 1 0
github.com/Blue-Davinci/leadhub-service/internal/data/users.go:141.57,142.28 1 0
github.com/Blue-Davinci/leadhub-service/internal/data/users.go:143.62,144.29 1 0
github.com/Blue-Davinci/leadhub-service/internal/data/users.go:145.11,146.14 1 0
github.com/Blue-Davinci/leadhub-service/internal/data/users.go:150.2,154.12 4 0
github.com/Blue-Davinci/leadhub-service/internal/data/users.go:161.82,173.16 5 0
github.com/Blue-Davinci/leadhub-service/internal/data/users.go:173.16,174.10 1 0
github.com/Blue-Davinci/leadhub-service/internal/data/users.go:175.38,176.40 1 0
github.com/Blue-Davinci/leadhub-service/internal/data/users.go:177.11,178.19 1 0
github.com/Blue-Davinci/leadhub-service/internal/data/users.go:182.2,184.23 2 0
github.com/Blue-Davinci/leadhub-service/internal/data/users.go:192.60,198.16 4 0
github.com/Blue-Davinci/leadhub-service/internal/data/users.go:198.16,199.10 1 0
github.com/Blue-Davinci/leadhub-service/internal/data/users.go:200.38,201.40 1 0
github.com/Blue-Davinci/leadhub-service/internal/data/users.go:202.11,203.19 1 0
github.com/Blue-Davinci/leadhub-service/internal/data/users.go:207.2,209.27 2 0
github.com/Blue-Davinci/leadhub-service/internal/data/users.go:213.49,226.16 4 0
github.com/Blue-Davinci/leadhub-service/internal/data/users.go:226.16,227.10 1 0
github.com/Blue-Davinci/leadhub-service/internal/data/users.go:228.57,229.28 1 0
github.com/Blue-Davinci/leadhub-service/internal/data/users.go:230.11,231.14 1 0
github.com/Blue-Davinci/leadhub-service/internal/data/users.go:234.2,235.12 2 0
github.com/Blue-Davinci/leadhub-service/internal/data/users.go:242.38,243.32 1 0
github.com/Blue-Davinci/leadhub-service/internal/data/users.go:244.21,259.4 2 0
github.com/Blue-Davinci/leadhub-service/internal/data/users.go:260.10,262.13 1 0
github.com/Blue-Davinci/leadhub-service/cmd/api/context.go:21.88,25.2 2 1
github.com/Blue-Davinci/leadhub-service/cmd/api/context.go:31.68,33.9 2 0
github.com/Blue-Davinci/leadhub-service/cmd/api/context.go:33.9,34.49 1 0
github.com/Blue-Davinci/leadhub-service/cmd/api/context.go:36.2,36.13 1 0
github.com/Blue-Davinci/leadhub-service/cmd/api/errors.go:9.62,14.2 1 1
github.com/Blue-Davinci/leadhub-service/cmd/api/errors.go:18.104,24.16 3 1
github.com/Blue-Davinci/leadhub-service/cmd/api/errors.go:24.16,27.3 2 0
github.com/Blue-Davinci/leadhub-service/cmd/api/errors.go:34.96,38.2 3 1
github.com/Blue-Davinci/leadhub-service/cmd/api/errors.go:41.100,45.2 3 0
github.com/Blue-Davinci/leadhub-service/cmd/api/errors.go:49.96,52.2 2 0
github.com/Blue-Davinci/leadhub-service/cmd/api/errors.go:56.89,59.2 2 0
github.com/Blue-Davinci/leadhub-service/cmd/api/errors.go:63.95,65.2 1 0
github.com/Blue-Davinci/leadhub-service/cmd/api/errors.go:69.116,71.2 1 0
github.com/Blue-Davinci/leadhub-service/cmd/api/errors.go:74.91,77.2 2 1
github.com/Blue-Davinci/leadhub-service/cmd/api/errors.go:81.86,84.2 2 0
github.com/Blue-Davinci/leadhub-service/cmd/api/errors.go:87.92,90.2 2 0
github.com/Blue-Davinci/leadhub-service/cmd/api/errors.go:92.88,95.2 2 0
github.com/Blue-Davinci/leadhub-service/cmd/api/errors.go:99.82,102.2 2 0
github.com/Blue-Davinci/leadhub-service/cmd/api/errors.go:106.86,109.2 2 0
github.com/Blue-Davinci/leadhub-service/cmd/api/healthcheck.go:8.84,18.16 3 1
github.com/Blue-Davinci/leadhub-service/cmd/api/healthcheck.go:18.16,20.3 1 0
github.com/Blue-Davinci/leadhub-service/cmd/api/helpers.go:29.112,32.16 2 1
github.com/Blue-Davinci/leadhub-service/cmd/api/helpers.go:32.16,34.3 1 0
github.com/Blue-Davinci/leadhub-service/cmd/api/helpers.go:36.2,39.34 2 1
github.com/Blue-Davinci/leadhub-service/cmd/api/helpers.go:39.34,41.3 1 0
github.com/Blue-Davinci/leadhub-service/cmd/api/helpers.go:43.2,46.16 4 1
github.com/Blue-Davinci/leadhub-service/cmd/api/helpers.go:46.16,48.3 1 0
github.com/Blue-Davinci/leadhub-service/cmd/api/helpers.go:49.2,49.12 1 1
github.com/Blue-Davinci/leadhub-service/cmd/api/helpers.go:52.89,65.16 7 0
github.com/Blue-Davinci/leadhub-service/cmd/api/helpers.go:65.16,67.3 1 0
github.com/Blue-Davinci/leadhub-service/cmd/api/helpers.go:72.2,73.19 2 0
github.com/Blue-Davinci/leadhub-service/cmd/api/helpers.go:73.19,75.3 1 0
github.com/Blue-Davinci/leadhub-service/cmd/api/helpers.go:76.2,76.12 1 0
github.com/Blue-Davinci/leadhub-service/cmd/api/helpers.go:81.91,85.26 3 0
github.com/Blue-Davinci/leadhub-service/cmd/api/helpers.go:85.26,87.3 1 0
github.com/Blue-Davinci/leadhub-service/cmd/api/helpers.go:88.2,88.16 1 0
github.com/Blue-Davinci/leadhub-service/cmd/api/helpers.go:94.65,95.16 1 0
github.com/Blue-Davinci/leadhub-service/cmd/api/helpers.go:95.16,102.10 5 0
github.com/Blue-Davinci/leadhub-service/cmd/api/helpers.go:103.37,104.94 1 0
github.com/Blue-Davinci/leadhub-service/cmd/api/helpers.go:105.44,106.56 1 0
github.com/Blue-Davinci/leadhub-service/cmd/api/helpers.go:107.44,108.38 1 0
github.com/Blue-Davinci/leadhub-service/cmd/api/helpers.go:108.38,110.5 1 0
github.com/Blue-Davinci/leadhub-service/cmd/api/helpers.go:111.4,111.103 1 0
github.com/Blue-Davinci/leadhub-service/cmd/api/helpers.go:112.31,113.47 1 0
github.com/Blue-Davinci/leadhub-service/cmd/api/helpers.go:120.63,122.64 2 0
github.com/Blue-Davinci/leadhub-service/cmd/api/helpers.go:126.39,127.83 1 0
github.com/Blue-Davinci/leadhub-service/cmd/api/helpers.go:128.47,129.14 1 0
github.com/Blue-Davinci/leadhub-service/cmd/api/helpers.go:130.11,131.14 1 0
github.com/Blue-Davinci/leadhub-service/cmd/api/helpers.go:134.2,134.12 1 0
github.com/Blue-Davinci/leadhub-service/cmd/api/helpers.go:140.47,143.12 2 0
github.com/Blue-Davinci/leadhub-service/cmd/api/helpers.go:143.12,147.16 2 0
github.com/Blue-Davinci/leadhub-service/cmd/api/helpers.go:147.16,148.36 1 0
github.com/Blue-Davinci/leadhub-service/cmd/api/helpers.go:148.36,150.5 1 0
github.com/Blue-Davinci/leadhub-service/cmd/api/helpers.go:153.3,153.7 1 0
github.com/Blue-Davinci/leadhub-service/cmd/api/helpers.go:159.83,164.31 2 1
github.com/Blue-Davinci/leadhub-service/cmd/api/helpers.go:164.31,166.3 1 1
github.com/Blue-Davinci/leadhub-service/cmd/api/helpers.go:171.2,172.57 2 0
github.com/Blue-Davinci/leadhub-service/cmd/api/helpers.go:172.57,174.3 1 0
github.com/Blue-Davinci/leadhub-service/cmd/api/helpers.go:176.2,183.55 3 0
github.com/Blue-Davinci/leadhub-service/cmd/api/helpers.go:183.55,185.3 1 0
github.com/Blue-Davinci/leadhub-service/cmd/api/helpers.go:190.2,191.16 2 0
github.com/Blue-Davinci/leadhub-service/cmd/api/helpers.go:191.16,192.10 1 0
github.com/Blue-Davinci/leadhub-service/cmd/api/helpers.go:193.54,194.40 1 0
github.com/Blue-Davinci/leadhub-service/cmd/api/helpers.go:195.11,196.40 1 0
github.com/Blue-Davinci/leadhub-service/cmd/api/helpers.go:199.2,199.18 1 0
github.com/Blue-Davinci/leadhub-service/cmd/api/helpers.go:203.38,205.16 2 0
github.com/Blue-Davinci/leadhub-service/cmd/api/helpers.go:205.16,207.3 1 0
github.com/Blue-Davinci/leadhub-service/cmd/api/helpers.go:210.2,210.52 1 0
github.com/Blue-Davinci/leadhub-service/cmd/api/helpers.go:210.52,212.3 1 0
github.com/Blue-Davinci/leadhub-service/cmd/api/helpers.go:214.2,214.12 1 0
github.com/Blue-Davinci/leadhub-service/cmd/api/helpers.go:219.91,224.13 2 0
github.com/Blue-Davinci/leadhub-service/cmd/api/helpers.go:224.13,226.3 1 0
github.com/Blue-Davinci/leadhub-service/cmd/api/helpers.go:228.2,228.10 1 0
github.com/Blue-Davinci/leadhub-service/cmd/api/helpers.go:235.106,239.13 2 0
github.com/Blue-Davinci/leadhub-service/cmd/api/helpers.go:239.13,241.3 1 0
github.com/Blue-Davinci/leadhub-service/cmd/api/helpers.go:244.2,245.16 2 0
github.com/Blue-Davinci/leadhub-service/cmd/api/helpers.go:245.16,248.3 2 0
github.com/Blue-Davinci/leadhub-service/cmd/api/helpers.go:250.2,250.10 1 0
github.com/Blue-Davinci/leadhub-service/cmd/api/main.go:71.13,73.16 2 0
github.com/Blue-Davinci/leadhub-service/cmd/api/main.go:73.16,76.3 2 0
github.com/Blue-Davinci/leadhub-service/cmd/api/main.go:79.2,105.101 20 0
github.com/Blue-Davinci/leadhub-service/cmd/api/main.go:105.101,109.3 2 0
github.com/Blue-Davinci/leadhub-service/cmd/api/main.go:111.2,114.22 2 0
github.com/Blue-Davinci/leadhub-service/cmd/api/main.go:114.22,129.3 8 0
github.com/Blue-Davinci/leadhub-service/cmd/api/main.go:132.2,135.16 3 0
github.com/Blue-Davinci/leadhub-service/cmd/api/main.go:135.16,137.3 1 0
github.com/Blue-Davinci/leadhub-service/cmd/api/main.go:139.2,154.16 5 0
github.com/Blue-Davinci/leadhub-service/cmd/api/main.go:154.16,156.3 1 0
github.com/Blue-Davinci/leadhub-service/cmd/api/main.go:161.52,163.16 2 0
github.com/Blue-Davinci/leadhub-service/cmd/api/main.go:163.16,165.3 1 0
github.com/Blue-Davinci/leadhub-service/cmd/api/main.go:166.2,169.16 4 0
github.com/Blue-Davinci/leadhub-service/cmd/api/main.go:169.16,171.3 1 0
github.com/Blue-Davinci/leadhub-service/cmd/api/main.go:172.2,175.16 3 0
github.com/Blue-Davinci/leadhub-service/cmd/api/main.go:175.16,177.3 1 0
github.com/Blue-Davinci/leadhub-service/cmd/api/main.go:178.2,179.21 2 0
github.com/Blue-Davinci/leadhub-service/cmd/api/main.go:184.23,187.54 2 0
github.com/Blue-Davinci/leadhub-service/cmd/api/main.go:187.54,189.3 1 0
github.com/Blue-Davinci/leadhub-service/cmd/api/main.go:191.2,191.53 1 0
github.com/Blue-Davinci/leadhub-service/cmd/api/main.go:191.53,193.3 1 0
github.com/Blue-Davinci/leadhub-service/cmd/api/main.go:197.30,205.22 5 0
github.com/Blue-Davinci/leadhub-service/cmd/api/main.go:205.22,208.50 2 0
github.com/Blue-Davinci/leadhub-service/cmd/api/main.go:208.50,210.4 1 0
github.com/Blue-Davinci/leadhub-service/cmd/api/main.go:215.53,216.42 1 0
github.com/Blue-Davinci/leadhub-service/cmd/api/main.go:216.42,218.3 1 0
github.com/Blue-Davinci/leadhub-service/cmd/api/main.go:219.2,219.21 1 0
github.com/Blue-Davinci/leadhub-service/cmd/api/middleware.go:18.70,19.71 1 1
github.com/Blue-Davinci/leadhub-service/cmd/api/middleware.go:19.71,22.16 1 1
github.com/Blue-Davinci/leadhub-service/cmd/api/middleware.go:22.16,25.36 1 1
github.com/Blue-Davinci/leadhub-service/cmd/api/middleware.go:25.36,37.5 2 1
github.com/Blue-Davinci/leadhub-service/cmd/api/middleware.go:39.3,39.23 1 1
github.com/Blue-Davinci/leadhub-service/cmd/api/middleware.go:43.70,44.71 1 1
github.com/Blue-Davinci/leadhub-service/cmd/api/middleware.go:44.71,52.33 3 1
github.com/Blue-Davinci/leadhub-service/cmd/api/middleware.go:52.33,56.4 3 1
github.com/Blue-Davinci/leadhub-service/cmd/api/middleware.go:57.3,57.17 1 0
github.com/Blue-Davinci/leadhub-service/cmd/api/middleware.go:57.17,58.11 1 0
github.com/Blue-Davinci/leadhub-service/cmd/api/middleware.go:59.50,60.49 1 0
github.com/Blue-Davinci/leadhub-service/cmd/api/middleware.go:61.55,62.49 1 0
github.com/Blue-Davinci/leadhub-service/cmd/api/middleware.go:63.12,64.39 1 0
github.com/Blue-Davinci/leadhub-service/cmd/api/middleware.go:66.4,66.10 1 0
github.com/Blue-Davinci/leadhub-service/cmd/api/middleware.go:70.3,72.23 2 0
github.com/Blue-Davinci/leadhub-service/cmd/api/middleware.go:78.82,79.71 1 0
github.com/Blue-Davinci/leadhub-service/cmd/api/middleware.go:79.71,85.25 2 0
github.com/Blue-Davinci/leadhub-service/cmd/api/middleware.go:85.25,88.4 2 0
github.com/Blue-Davinci/leadhub-service/cmd/api/middleware.go:89.3,89.23 1 0
github.com/Blue-Davinci/leadhub-service/cmd/api/middleware.go:94.78,96.71 1 0
github.com/Blue-Davinci/leadhub-service/cmd/api/middleware.go:96.71,100.22 2 0
github.com/Blue-Davinci/leadhub-service/cmd/api/middleware.go:100.22,103.4 2 0
github.com/Blue-Davinci/leadhub-service/cmd/api/middleware.go:104.3,104.23 1 0
github.com/Blue-Davinci/leadhub-service/cmd/api/middleware.go:110.67,125.12 3 1
github.com/Blue-Davinci/leadhub-service/cmd/api/middleware.go:125.12,126.7 1 1
github.com/Blue-Davinci/leadhub-service/cmd/api/middleware.go:126.7,133.36 3 1
github.com/Blue-Davinci/leadhub-service/cmd/api/middleware.go:133.36,134.52 1 0
github.com/Blue-Davinci/leadhub-service/cmd/api/middleware.go:134.52,136.6 1 0
github.com/Blue-Davinci/leadhub-service/cmd/api/middleware.go:139.4,139.15 1 0
github.com/Blue-Davinci/leadhub-service/cmd/api/middleware.go:143.2,143.71 1 1
github.com/Blue-Davinci/leadhub-service/cmd/api/middleware.go:143.71,145.33 1 1
github.com/Blue-Davinci/leadhub-service/cmd/api/middleware.go:145.33,152.39 3 1
github.com/Blue-Davinci/leadhub-service/cmd/api/middleware.go:152.39,157.5 1 1
github.com/Blue-Davinci/leadhub-service/cmd/api/middleware.go:159.4,164.36 2 1
github.com/Blue-Davinci/leadhub-service/cmd/api/middleware.go:164.36,168.5 3 1
github.com/Blue-Davinci/leadhub-service/cmd/api/middleware.go:171.4,171.15 1 1
github.com/Blue-Davinci/leadhub-service/cmd/api/middleware.go:173.3,173.23 1 1
github.com/Blue-Davinci/leadhub-service/cmd/api/middleware.go:179.65,186.71 5 1
github.com/Blue-Davinci/leadhub-service/cmd/api/middleware.go:186.71,199.3 5 1
github.com/Blue-Davinci/leadhub-service/cmd/api/middleware.go:204.93,205.46 1 0
github.com/Blue-Davinci/leadhub-service/cmd/api/middleware.go:205.46,206.72 1 0
github.com/Blue-Davinci/leadhub-service/cmd/api/middleware.go:206.72,211.18 3 0
github.com/Blue-Davinci/leadhub-service/cmd/api/middleware.go:211.18,214.5 2 0
github.com/Blue-Davinci/leadhub-service/cmd/api/middleware.go:217.4,217.34 1 0
github.com/Blue-Davinci/leadhub-service/cmd/api/middleware.go:217.34,220.5 2 0
github.com/Blue-Davinci/leadhub-service/cmd/api/middleware.go:223.4,223.24 1 0
github.com/Blue-Davinci/leadhub-service/cmd/api/routes.go:12.47,43.2 13 0
github.com/Blue-Davinci/leadhub-service/cmd/api/routes.go:48.52,51.80 2 0
github.com/Blue-Davinci/leadhub-service/cmd/api/routes.go:51.80,53.3 1 0
github.com/Blue-Davinci/leadhub-service/cmd/api/routes.go:54.2,55.22 2 0
github.com/Blue-Davinci/leadhub-service/cmd/api/routes.go:59.49,66.2 5 0
github.com/Blue-Davinci/leadhub-service/cmd/api/routes.go:70.89,80.2 6 0
github.com/Blue-Davinci/leadhub-service/cmd/api/routes.go:83.93,96.2 7 0
github.com/Blue-Davinci/leadhub-service/cmd/api/server.go:16.40,28.12 3 0
github.com/Blue-Davinci/leadhub-service/cmd/api/server.go:28.12,41.17 8 0
github.com/Blue-Davinci/leadhub-service/cmd/api/server.go:41.17,43.4 1 0
github.com/Blue-Davinci/leadhub-service/cmd/api/server.go:44.3,48.36 3 0
github.com/Blue-Davinci/leadhub-service/cmd/api/server.go:51.2,52.45 2 0
github.com/Blue-Davinci/leadhub-service/cmd/api/server.go:52.45,53.44 1 0
github.com/Blue-Davinci/leadhub-service/cmd/api/server.go:53.44,55.4 1 0
github.com/Blue-Davinci/leadhub-service/cmd/api/server.go:60.2,61.16 2 0
github.com/Blue-Davinci/leadhub-service/cmd/api/server.go:61.16,63.3 1 0
github.com/Blue-Davinci/leadhub-service/cmd/api/server.go:65.2,66.12 2 0
github.com/Blue-Davinci/leadhub-service/cmd/api/tenants.go:15.86,21.16 3 0
github.com/Blue-Davinci/leadhub-service/cmd/api/tenants.go:21.16,22.10 1 0
github.com/Blue-Davinci/leadhub-service/cmd/api/tenants.go:23.45,24.30 1 0
github.com/Blue-Davinci/leadhub-service/cmd/api/tenants.go:25.11,26.38 1 0
github.com/Blue-Davinci/leadhub-service/cmd/api/tenants.go:28.3,28.9 1 0
github.com/Blue-Davinci/leadhub-service/cmd/api/tenants.go:31.2,32.16 2 0
github.com/Blue-Davinci/leadhub-service/cmd/api/tenants.go:32.16,34.3 1 0
github.com/Blue-Davinci/leadhub-service/cmd/api/tenants.go:39.91,58.56 9 0
github.com/Blue-Davinci/leadhub-service/cmd/api/tenants.go:58.56,61.3 2 0
github.com/Blue-Davinci/leadhub-service/cmd/api/tenants.go:63.2,64.16 2 0
github.com/Blue-Davinci/leadhub-service/cmd/api/tenants.go:64.16,65.10 1 0
github.com/Blue-Davinci/leadhub-service/cmd/api/tenants.go:66.45,67.30 1 0
github.com/Blue-Davinci/leadhub-service/cmd/api/tenants.go:68.11,69.38 1 0
github.com/Blue-Davinci/leadhub-service/cmd/api/tenants.go:71.3,71.9 1 0
github.com/Blue-Davinci/leadhub-service/cmd/api/tenants.go:74.2,75.16 2 0
github.com/Blue-Davinci/leadhub-service/cmd/api/tenants.go:75.16,77.3 1 0
github.com/Blue-Davinci/leadhub-service/cmd/api/tenants.go:83.85,89.51 2 0
github.com/Blue-Davinci/leadhub-service/cmd/api/tenants.go:89.51,92.3 2 0
github.com/Blue-Davinci/leadhub-service/cmd/api/tenants.go:94.2,102.48 3 0
github.com/Blue-Davinci/leadhub-service/cmd/api/tenants.go:102.48,105.3 2 0
github.com/Blue-Davinci/leadhub-service/cmd/api/tenants.go:107.2,107.64 1 0
github.com/Blue-Davinci/leadhub-service/cmd/api/tenants.go:107.64,108.10 1 0
github.com/Blue-Davinci/leadhub-service/cmd/api/tenants.go:109.43,111.48 2 0
github.com/Blue-Davinci/leadhub-service/cmd/api/tenants.go:112.11,113.38 1 0
github.com/Blue-Davinci/leadhub-service/cmd/api/tenants.go:115.3,115.9 1 0
github.com/Blue-Davinci/leadhub-service/cmd/api/tenants.go:118.2,119.16 2 0
github.com/Blue-Davinci/leadhub-service/cmd/api/tenants.go:119.16,121.3 1 0
github.com/Blue-Davinci/leadhub-service/cmd/api/tenants.go:125.85,128.16 2 0
github.com/Blue-Davinci/leadhub-service/cmd/api/tenants.go:128.16,131.3 2 0
github.com/Blue-Davinci/leadhub-service/cmd/api/tenants.go:133.2,134.16 2 0
github.com/Blue-Davinci/leadhub-service/cmd/api/tenants.go:134.16,137.3 2 0
github.com/Blue-Davinci/leadhub-service/cmd/api/tenants.go:139.2,141.55 2 0
github.com/Blue-Davinci/leadhub-service/cmd/api/tenants.go:141.55,144.3 2 0
github.com/Blue-Davinci/leadhub-service/cmd/api/tenants.go:146.2,151.51 2 0
github.com/Blue-Davinci/leadhub-service/cmd/api/tenants.go:151.51,154.3 2 0
github.com/Blue-Davinci/leadhub-service/cmd/api/tenants.go:156.2,157.16 2 0
github.com/Blue-Davinci/leadhub-service/cmd/api/tenants.go:157.16,158.10 1 0
github.com/Blue-Davinci/leadhub-service/cmd/api/tenants.go:159.45,160.30 1 0
github.com/Blue-Davinci/leadhub-service/cmd/api/tenants.go:161.11,162.38 1 0
github.com/Blue-Davinci/leadhub-service/cmd/api/tenants.go:164.3,164.9 1 0
github.com/Blue-Davinci/leadhub-service/cmd/api/tenants.go:167.2,167.23 1 0
github.com/Blue-Davinci/leadhub-service/cmd/api/tenants.go:167.23,169.3 1 0
github.com/Blue-Davinci/leadhub-service/cmd/api/tenants.go:170.2,170.31 1 0
github.com/Blue-Davinci/leadhub-service/cmd/api/tenants.go:170.31,172.3 1 0
github.com/Blue-Davinci/leadhub-service/cmd/api/tenants.go:173.2,173.30 1 0
github.com/Blue-Davinci/leadhub-service/cmd/api/tenants.go:173.30,175.3 1 0
github.com/Blue-Davinci/leadhub-service/cmd/api/tenants.go:177.2,177.48 1 0
github.com/Blue-Davinci/leadhub-service/cmd/api/tenants.go:177.48,180.3 2 0
github.com/Blue-Davinci/leadhub-service/cmd/api/tenants.go:183.2,183.55 1 0
github.com/Blue-Davinci/leadhub-service/cmd/api/tenants.go:183.55,186.3 2 0
github.com/Blue-Davinci/leadhub-service/cmd/api/tenants.go:187.2,187.82 1 0
github.com/Blue-Davinci/leadhub-service/cmd/api/tenants.go:187.82,188.10 1 0
github.com/Blue-Davinci/leadhub-service/cmd/api/tenants.go:189.45,190.30 1 0
github.com/Blue-Davinci/leadhub-service/cmd/api/tenants.go:191.43,193.48 2 0
github.com/Blue-Davinci/leadhub-service/cmd/api/tenants.go:194.11,195.38 1 0
github.com/Blue-Davinci/leadhub-service/cmd/api/tenants.go:197.3,197.9 1 0
github.com/Blue-Davinci/leadhub-service/cmd/api/tenants.go:200.2,201.16 2 0
github.com/Blue-Davinci/leadhub-service/cmd/api/tenants.go:201.16,203.3 1 0
github.com/Blue-Davinci/leadhub-service/cmd/api/trade_leads.go:13.88,21.51 2 0
github.com/Blue-Davinci/leadhub-service/cmd/api/trade_leads.go:21.51,24.3 2 0
github.com/Blue-Davinci/leadhub-service/cmd/api/trade_leads.go:26.2,33.49 3 0
github.com/Blue-Davinci/leadhub-service/cmd/api/trade_leads.go:33.49,36.3 2 0
github.com/Blue-Davinci/leadhub-service/cmd/api/trade_leads.go:39.2,39.100 1 0
github.com/Blue-Davinci/leadhub-service/cmd/api/trade_leads.go:39.100,40.10 1 0
github.com/Blue-Davinci/leadhub-service/cmd/api/trade_leads.go:41.46,42.30 1 0
github.com/Blue-Davinci/leadhub-service/cmd/api/trade_leads.go:43.46,44.37 1 0
github.com/Blue-Davinci/leadhub-service/cmd/api/trade_leads.go:45.11,46.38 1 0
github.com/Blue-Davinci/leadhub-service/cmd/api/trade_leads.go:48.3,48.9 1 0
github.com/Blue-Davinci/leadhub-service/cmd/api/trade_leads.go:50.2,51.16 2 0
github.com/Blue-Davinci/leadhub-service/cmd/api/trade_leads.go:51.16,53.3 1 0
github.com/Blue-Davinci/leadhub-service/cmd/api/trade_leads.go:57.94,76.56 9 0
github.com/Blue-Davinci/leadhub-service/cmd/api/trade_leads.go:76.56,79.3 2 0
github.com/Blue-Davinci/leadhub-service/cmd/api/trade_leads.go:81.2,82.16 2 0
github.com/Blue-Davinci/leadhub-service/cmd/api/trade_leads.go:82.16,83.10 1 0
github.com/Blue-Davinci/leadhub-service/cmd/api/trade_leads.go:84.45,85.30 1 0
github.com/Blue-Davinci/leadhub-service/cmd/api/trade_leads.go:86.11,87.38 1 0
github.com/Blue-Davinci/leadhub-service/cmd/api/trade_leads.go:89.3,89.9 1 0
github.com/Blue-Davinci/leadhub-service/cmd/api/trade_leads.go:92.2,93.16 2 0
github.com/Blue-Davinci/leadhub-service/cmd/api/trade_leads.go:93.16,95.3 1 0
github.com/Blue-Davinci/leadhub-service/cmd/api/trade_leads.go:99.94,118.56 9 0
github.com/Blue-Davinci/leadhub-service/cmd/api/trade_leads.go:118.56,121.3 2 0
github.com/Blue-Davinci/leadhub-service/cmd/api/trade_leads.go:123.2,124.16 2 0
github.com/Blue-Davinci/leadhub-service/cmd/api/trade_leads.go:124.16,125.10 1 0
github.com/Blue-Davinci/leadhub-service/cmd/api/trade_leads.go:126.45,127.30 1 0
github.com/Blue-Davinci/leadhub-service/cmd/api/trade_leads.go:128.11,129.38 1 0
github.com/Blue-Davinci/leadhub-service/cmd/api/trade_leads.go:131.3,131.9 1 0
github.com/Blue-Davinci/leadhub-service/cmd/api/trade_leads.go:134.2,135.16 2 0
github.com/Blue-Davinci/leadhub-service/cmd/api/trade_leads.go:135.16,137.3 1 0
github.com/Blue-Davinci/leadhub-service/cmd/api/trade_leads.go:141.95,144.16 2 0
github.com/Blue-Davinci/leadhub-service/cmd/api/trade_leads.go:144.16,145.10 1 0
github.com/Blue-Davinci/leadhub-service/cmd/api/trade_leads.go:146.45,147.30 1 0
github.com/Blue-Davinci/leadhub-service/cmd/api/trade_leads.go:148.11,149.38 1 0
github.com/Blue-Davinci/leadhub-service/cmd/api/trade_leads.go:151.3,151.9 1 0
github.com/Blue-Davinci/leadhub-service/cmd/api/trade_leads.go:154.2,155.16 2 0
github.com/Blue-Davinci/leadhub-service/cmd/api/trade_leads.go:155.16,157.3 1 0
github.com/Blue-Davinci/leadhub-service/cmd/api/trade_leads.go:161.99,164.16 2 0
github.com/Blue-Davinci/leadhub-service/cmd/api/trade_leads.go:164.16,167.3 2 0
github.com/Blue-Davinci/leadhub-service/cmd/api/trade_leads.go:169.2,170.16 2 0
github.com/Blue-Davinci/leadhub-service/cmd/api/trade_leads.go:170.16,173.3 2 0
github.com/Blue-Davinci/leadhub-service/cmd/api/trade_leads.go:174.2,177.16 3 0
github.com/Blue-Davinci/leadhub-service/cmd/api/trade_leads.go:177.16,178.10 1 0
github.com/Blue-Davinci/leadhub-service/cmd/api/trade_leads.go:179.45,180.30 1 0
github.com/Blue-Davinci/leadhub-service/cmd/api/trade_leads.go:181.11,182.38 1 0
github.com/Blue-Davinci/leadhub-service/cmd/api/trade_leads.go:184.3,184.9 1 0
github.com/Blue-Davinci/leadhub-service/cmd/api/trade_leads.go:188.2,188.55 1 0
github.com/Blue-Davinci/leadhub-service/cmd/api/trade_leads.go:188.55,191.3 2 0
github.com/Blue-Davinci/leadhub-service/cmd/api/trade_leads.go:192.2,193.16 2 0
github.com/Blue-Davinci/leadhub-service/cmd/api/trade_leads.go:193.16,194.10 1 0
github.com/Blue-Davinci/leadhub-service/cmd/api/trade_leads.go:195.46,196.37 1 0
github.com/Blue-Davinci/leadhub-service/cmd/api/trade_leads.go:197.45,198.30 1 0
github.com/Blue-Davinci/leadhub-service/cmd/api/trade_leads.go:199.11,200.38 1 0
github.com/Blue-Davinci/leadhub-service/cmd/api/trade_leads.go:202.3,202.9 1 0
github.com/Blue-Davinci/leadhub-service/cmd/api/trade_leads.go:205.2,206.16 2 0
github.com/Blue-Davinci/leadhub-service/cmd/api/trade_leads.go:206.16,208.3 1 0
github.com/Blue-Davinci/leadhub-service/cmd/api/users.go:14.85,22.16 3 0
github.com/Blue-Davinci/leadhub-service/cmd/api/users.go:22.16,25.3 2 0
github.com/Blue-Davinci/leadhub-service/cmd/api/users.go:27.2,35.16 3 0
github.com/Blue-Davinci/leadhub-service/cmd/api/users.go:35.16,38.3 2 0
github.com/Blue-Davinci/leadhub-service/cmd/api/users.go:40.2,41.44 2 0
github.com/Blue-Davinci/leadhub-service/cmd/api/users.go:41.44,44.3 2 0
github.com/Blue-Davinci/leadhub-service/cmd/api/users.go:47.2,48.16 2 0
github.com/Blue-Davinci/leadhub-service/cmd/api/users.go:48.16,49.10 1 0
github.com/Blue-Davinci/leadhub-service/cmd/api/users.go:50.47,52.48 2 0
github.com/Blue-Davinci/leadhub-service/cmd/api/users.go:53.48,55.48 2 0
github.com/Blue-Davinci/leadhub-service/cmd/api/users.go:56.11,57.38 1 0
github.com/Blue-Davinci/leadhub-service/cmd/api/users.go:60.3,60.9 1 0
github.com/Blue-Davinci/leadhub-service/cmd/api/users.go:62.2,66.16 3 0
github.com/Blue-Davinci/leadhub-service/cmd/api/users.go:66.16,69.3 2 0
github.com/Blue-Davinci/leadhub-service/cmd/api/users.go:71.2,71.24 1 0
github.com/Blue-Davinci/leadhub-service/cmd/api/users.go:71.24,79.17 3 0
github.com/Blue-Davinci/leadhub-service/cmd/api/users.go:79.17,81.4 1 0
github.com/Blue-Davinci/leadhub-service/cmd/api/users.go:85.2,86.16 2 0
github.com/Blue-Davinci/leadhub-service/cmd/api/users.go:86.16,88.3 1 0
github.com/Blue-Davinci/leadhub-service/cmd/api/users.go:94.85,100.16 3 0
github.com/Blue-Davinci/leadhub-service/cmd/api/users.go:100.16,103.3 2 0
github.com/Blue-Davinci/leadhub-service/cmd/api/users.go:105.2,106.70 2 0
github.com/Blue-Davinci/leadhub-service/cmd/api/users.go:106.70,109.3 2 0
github.com/Blue-Davinci/leadhub-service/cmd/api/users.go:113.2,114.16 2 0
github.com/Blue-Davinci/leadhub-service/cmd/api/users.go:114.16,115.10 1 0
github.com/Blue-Davinci/leadhub-service/cmd/api/users.go:116.54,118.48 2 0
github.com/Blue-Davinci/leadhub-service/cmd/api/users.go:119.11,120.38 1 0
github.com/Blue-Davinci/leadhub-service/cmd/api/users.go:122.3,122.9 1 0
github.com/Blue-Davinci/leadhub-service/cmd/api/users.go:124.2,130.16 4 0
github.com/Blue-Davinci/leadhub-service/cmd/api/users.go:130.16,131.10 1 0
github.com/Blue-Davinci/leadhub-service/cmd/api/users.go:132.52,133.34 1 0
github.com/Blue-Davinci/leadhub-service/cmd/api/users.go:134.11,135.38 1 0
github.com/Blue-Davinci/leadhub-service/cmd/api/users.go:137.3,137.9 1 0
github.com/Blue-Davinci/leadhub-service/cmd/api/users.go:141.2,142.16 2 0
github.com/Blue-Davinci/leadhub-service/cmd/api/users.go:142.16,145.3 2 0
github.com/Blue-Davinci/leadhub-service/cmd/api/users.go:147.2,147.24 1 0
github.com/Blue-Davinci/leadhub-service/cmd/api/users.go:147.24,158.17 3 0
github.com/Blue-Davinci/leadhub-service/cmd/api/users.go:158.17,160.4 1 0
github.com/Blue-Davinci/leadhub-service/cmd/api/users.go:163.2,170.16 3 0
github.com/Blue-Davinci/leadhub-service/cmd/api/users.go:170.16,172.3 1 0
github.com/Blue-Davinci/leadhub-service/cmd/api/users.go:176.99,183.16 3 0
github.com/Blue-Davinci/leadhub-service/cmd/api/users.go:183.16,186.3 2 0
github.com/Blue-Davinci/leadhub-service/cmd/api/users.go:188.2,191.16 4 0
github.com/Blue-Davinci/leadhub-service/cmd/api/users.go:191.16,194.3 2 0
github.com/Blue-Davinci/leadhub-service/cmd/api/users.go:196.2,197.16 2 0
github.com/Blue-Davinci/leadhub-service/cmd/api/users.go:197.16,198.10 1 0
github.com/Blue-Davinci/leadhub-service/cmd/api/users.go:200.54,201.40 1 0
github.com/Blue-Davinci/leadhub-service/cmd/api/users.go:202.11,204.38 1 0
github.com/Blue-Davinci/leadhub-service/cmd/api/users.go:206.3,206.9 1 0
github.com/Blue-Davinci/leadhub-service/cmd/api/users.go:209.2,210.16 2 0
github.com/Blue-Davinci/leadhub-service/cmd/api/users.go:210.16,213.3 2 0
github.com/Blue-Davinci/leadhub-service/cmd/api/users.go:215.2,215.12 1 0
github.com/Blue-Davinci/leadhub-service/cmd/api/users.go:215.12,218.3 2 0
github.com/Blue-Davinci/leadhub-service/cmd/api/users.go:221.2,222.16 2 0
github.com/Blue-Davinci/leadhub-service/cmd/api/users.go:222.16,225.3 2 0
github.com/Blue-Davinci/leadhub-service/cmd/api/users.go:227.2,237.16 3 0
github.com/Blue-Davinci/leadhub-service/cmd/api/users.go:237.16,239.3 1 0
